<?xml version="1.0" encoding="UTF-8"?>
<coverage generated="1784376885284" clover="3.2.0">
  <project timestamp="1784376885284" name="All files">
    <metrics statements="519" coveredstatements="468" conditionals="395" coveredconditionals="310" methods="133" coveredmethods="121" elements="1047" coveredelements="899" complexity="0" loc="519" ncloc="519" packages="7" files="21" classes="21"/>
    <package name="app.api.folders">
      <metrics statements="9" coveredstatements="6" conditionals="0" coveredconditionals="0" methods="4" coveredmethods="2"/>
      <file name="route.ts" path="/Users/levzubenko/pet/ward/wardrobe-web/app/api/folders/route.ts">
        <metrics statements="9" coveredstatements="6" conditionals="0" coveredconditionals="0" methods="4" coveredmethods="2"/>
        <line num="7" count="1" type="stmt"/>
        <line num="8" count="1" type="stmt"/>
        <line num="11" count="0" type="stmt"/>
        <line num="12" count="0" type="stmt"/>
        <line num="13" count="0" type="stmt"/>
        <line num="18" count="2" type="stmt"/>
        <line num="19" count="2" type="stmt"/>
        <line num="20" count="2" type="stmt"/>
        <line num="21" count="2" type="stmt"/>
      </file>
    </package>
    <package name="app.api.health">
      <metrics statements="3" coveredstatements="3" conditionals="0" coveredconditionals="0" methods="1" coveredmethods="1"/>
      <file name="route.ts" path="/Users/levzubenko/pet/ward/wardrobe-web/app/api/health/route.ts">
        <metrics statements="3" coveredstatements="3" conditionals="0" coveredconditionals="0" methods="1" coveredmethods="1"/>
        <line num="1" count="1" type="stmt"/>
        <line num="2" count="1" type="stmt"/>
        <line num="5" count="1" type="stmt"/>
      </file>
    </package>
    <package name="app.api.items">
      <metrics statements="11" coveredstatements="5" conditionals="0" coveredconditionals="0" methods="4" coveredmethods="2"/>
      <file name="route.ts" path="/Users/levzubenko/pet/ward/wardrobe-web/app/api/items/route.ts">
        <metrics statements="11" coveredstatements="5" conditionals="0" coveredconditionals="0" methods="4" coveredmethods="2"/>
        <line num="8" count="1" type="stmt"/>
        <line num="9" count="1" type="stmt"/>
        <line num="12" count="3" type="stmt"/>
        <line num="13" count="3" type="stmt"/>
        <line num="14" count="2" type="stmt"/>
        <line num="19" count="0" type="stmt"/>
        <line num="20" count="0" type="stmt"/>
        <line num="21" count="0" type="stmt"/>
        <line num="22" count="0" type="stmt"/>
        <line num="23" count="0" type="stmt"/>
        <line num="24" count="0" type="stmt"/>
      </file>
    </package>
    <package name="lib.server">
      <metrics statements="63" coveredstatements="52" conditionals="25" coveredconditionals="11" methods="18" coveredmethods="17"/>
      <file name="http.ts" path="/Users/levzubenko/pet/ward/wardrobe-web/lib/server/http.ts">
        <metrics statements="11" coveredstatements="11" conditionals="2" coveredconditionals="2" methods="5" coveredmethods="5"/>
        <line num="4" count="27" type="stmt"/>
        <line num="5" count="27" type="stmt"/>
        <line num="10" count="16" type="stmt"/>
        <line num="14" count="6" type="stmt"/>
        <line num="18" count="6" type="cond" truecount="2" falsecount="0"/>
        <line num="19" count="5" type="stmt"/>
        <line num="21" count="1" type="stmt"/>
        <line num="22" count="1" type="stmt"/>
        <line num="26" count="7" type="stmt"/>
        <line num="27" count="7" type="stmt"/>
        <line num="29" count="4" type="stmt"/>
      </file>
      <file name="upload.ts" path="/Users/levzubenko/pet/ward/wardrobe-web/lib/server/upload.ts">
        <metrics statements="13" coveredstatements="2" conditionals="13" coveredconditionals="0" methods="1" coveredmethods="0"/>
        <line num="4" count="1" type="stmt"/>
        <line num="12" count="1" type="stmt"/>
        <line num="18" count="0" type="stmt"/>
        <line num="19" count="0" type="cond" truecount="0" falsecount="4"/>
        <line num="20" count="0" type="cond" truecount="0" falsecount="2"/>
        <line num="21" count="0" type="stmt"/>
        <line num="23" count="0" type="stmt"/>
        <line num="24" count="0" type="cond" truecount="0" falsecount="2"/>
        <line num="25" count="0" type="stmt"/>
        <line num="27" count="0" type="cond" truecount="0" falsecount="2"/>
        <line num="28" count="0" type="stmt"/>
        <line num="30" count="0" type="stmt"/>
        <line num="31" count="0" type="stmt"/>
      </file>
      <file name="validation.ts" path="/Users/levzubenko/pet/ward/wardrobe-web/lib/server/validation.ts">
        <metrics statements="39" coveredstatements="39" conditionals="10" coveredconditionals="9" methods="12" coveredmethods="12"/>
        <line num="8" count="2" type="stmt"/>
        <line num="10" count="2" type="stmt"/>
        <line num="19" count="2" type="stmt"/>
        <line num="26" count="2" type="stmt"/>
        <line num="27" count="2" type="stmt"/>
        <line num="28" count="2" type="stmt"/>
        <line num="29" count="2" type="stmt"/>
        <line num="30" count="2" type="stmt"/>
        <line num="31" count="2" type="stmt"/>
        <line num="32" count="2" type="stmt"/>
        <line num="35" count="21" type="stmt"/>
        <line num="36" count="21" type="cond" truecount="2" falsecount="0"/>
        <line num="37" count="11" type="stmt"/>
        <line num="38" count="12" type="cond" truecount="1" falsecount="1"/>
        <line num="40" count="11" type="stmt"/>
        <line num="42" count="10" type="stmt"/>
        <line num="45" count="2" type="stmt"/>
        <line num="57" count="2" type="stmt"/>
        <line num="60" count="5" type="stmt"/>
        <line num="61" count="5" type="stmt"/>
        <line num="71" count="40" type="stmt"/>
        <line num="72" count="40" type="cond" truecount="4" falsecount="0"/>
        <line num="74" count="5" type="stmt"/>
        <line num="75" count="5" type="cond" truecount="2" falsecount="0"/>
        <line num="76" count="5" type="stmt"/>
        <line num="80" count="4" type="stmt"/>
        <line num="84" count="1" type="stmt"/>
        <line num="87" count="2" type="stmt"/>
        <line num="100" count="2" type="stmt"/>
        <line num="103" count="2" type="stmt"/>
        <line num="109" count="2" type="stmt"/>
        <line num="112" count="3" type="stmt"/>
        <line num="116" count="1" type="stmt"/>
        <line num="119" count="2" type="stmt"/>
        <line num="122" count="4" type="stmt"/>
        <line num="125" count="2" type="stmt"/>
        <line num="136" count="4" type="stmt"/>
        <line num="139" count="2" type="stmt"/>
        <line num="148" count="2" type="stmt"/>
      </file>
    </package>
    <package name="lib.server.domain">
      <metrics statements="291" coveredstatements="272" conditionals="265" coveredconditionals="223" methods="70" coveredmethods="66"/>
      <file name="category-compat.ts" path="/Users/levzubenko/pet/ward/wardrobe-web/lib/server/domain/category-compat.ts">
        <metrics statements="7" coveredstatements="7" conditionals="2" coveredconditionals="2" methods="3" coveredmethods="3"/>
        <line num="3" count="2" type="stmt"/>
        <line num="8" count="2" type="stmt"/>
        <line num="9" count="4" type="stmt"/>
        <line num="13" count="32" type="cond" truecount="2" falsecount="0"/>
        <line num="14" count="31" type="stmt"/>
        <line num="17" count="2" type="stmt"/>
        <line num="25" count="14" type="stmt"/>
      </file>
      <file name="item-derivation.ts" path="/Users/levzubenko/pet/ward/wardrobe-web/lib/server/domain/item-derivation.ts">
        <metrics statements="48" coveredstatements="47" conditionals="48" coveredconditionals="42" methods="7" coveredmethods="7"/>
        <line num="13" count="5" type="stmt"/>
        <line num="50" count="5" type="stmt"/>
        <line num="64" count="13" type="cond" truecount="4" falsecount="0"/>
        <line num="65" count="10" type="cond" truecount="1" falsecount="1"/>
        <line num="77" count="100" type="stmt"/>
        <line num="78" count="100" type="cond" truecount="3" falsecount="1"/>
        <line num="79" count="0" type="cond" truecount="0" falsecount="2"/>
        <line num="82" count="100" type="cond" truecount="2" falsecount="0"/>
        <line num="85" count="3" type="stmt"/>
        <line num="88" count="100" type="stmt"/>
        <line num="89" count="100" type="stmt"/>
        <line num="90" count="100" type="stmt"/>
        <line num="92" count="100" type="stmt"/>
        <line num="93" count="100" type="stmt"/>
        <line num="94" count="100" type="stmt"/>
        <line num="95" count="100" type="stmt"/>
        <line num="97" count="100" type="stmt"/>
        <line num="98" count="100" type="stmt"/>
        <line num="99" count="100" type="cond" truecount="2" falsecount="0"/>
        <line num="100" count="21" type="cond" truecount="2" falsecount="0"/>
        <line num="101" count="21" type="cond" truecount="2" falsecount="0"/>
        <line num="102" count="12" type="cond" truecount="1" falsecount="1"/>
        <line num="103" count="9" type="cond" truecount="2" falsecount="0"/>
        <line num="104" count="2" type="stmt"/>
        <line num="106" count="7" type="stmt"/>
        <line num="108" count="21" type="stmt"/>
        <line num="111" count="100" type="stmt"/>
        <line num="115" count="100" type="stmt"/>
        <line num="116" count="100" type="stmt"/>
        <line num="117" count="100" type="stmt"/>
        <line num="120" count="100" type="cond" truecount="2" falsecount="0"/>
        <line num="121" count="79" type="stmt"/>
        <line num="122" count="21" type="cond" truecount="4" falsecount="0"/>
        <line num="123" count="12" type="stmt"/>
        <line num="124" count="9" type="cond" truecount="2" falsecount="0"/>
        <line num="125" count="7" type="stmt"/>
        <line num="127" count="2" type="cond" truecount="1" falsecount="1"/>
        <line num="131" count="100" type="cond" truecount="4" falsecount="0"/>
        <line num="134" count="100" type="cond" truecount="4" falsecount="0"/>
        <line num="136" count="100" type="stmt"/>
        <line num="140" count="10" type="cond" truecount="2" falsecount="0"/>
        <line num="141" count="3" type="stmt"/>
        <line num="143" count="7" type="stmt"/>
        <line num="147" count="10" type="cond" truecount="2" falsecount="0"/>
        <line num="148" count="3" type="stmt"/>
        <line num="150" count="7" type="cond" truecount="2" falsecount="0"/>
        <line num="156" count="10" type="stmt"/>
        <line num="157" count="10" type="stmt"/>
      </file>
      <file name="item-types.ts" path="/Users/levzubenko/pet/ward/wardrobe-web/lib/server/domain/item-types.ts">
        <metrics statements="51" coveredstatements="51" conditionals="0" coveredconditionals="0" methods="10" coveredmethods="10"/>
        <line num="1" count="7" type="stmt"/>
        <line num="2" count="7" type="stmt"/>
        <line num="3" count="7" type="stmt"/>
        <line num="4" count="7" type="stmt"/>
        <line num="5" count="7" type="stmt"/>
        <line num="6" count="7" type="stmt"/>
        <line num="7" count="7" type="stmt"/>
        <line num="8" count="7" type="stmt"/>
        <line num="11" count="7" type="stmt"/>
        <line num="12" count="7" type="stmt"/>
        <line num="13" count="7" type="stmt"/>
        <line num="14" count="7" type="stmt"/>
        <line num="17" count="7" type="stmt"/>
        <line num="18" count="7" type="stmt"/>
        <line num="19" count="7" type="stmt"/>
        <line num="20" count="7" type="stmt"/>
        <line num="23" count="7" type="stmt"/>
        <line num="24" count="7" type="stmt"/>
        <line num="25" count="7" type="stmt"/>
        <line num="26" count="7" type="stmt"/>
        <line num="29" count="7" type="stmt"/>
        <line num="30" count="7" type="stmt"/>
        <line num="31" count="7" type="stmt"/>
        <line num="32" count="7" type="stmt"/>
        <line num="35" count="7" type="stmt"/>
        <line num="36" count="7" type="stmt"/>
        <line num="37" count="7" type="stmt"/>
        <line num="38" count="7" type="stmt"/>
        <line num="39" count="7" type="stmt"/>
        <line num="40" count="7" type="stmt"/>
        <line num="43" count="7" type="stmt"/>
        <line num="44" count="7" type="stmt"/>
        <line num="45" count="7" type="stmt"/>
        <line num="46" count="7" type="stmt"/>
        <line num="47" count="7" type="stmt"/>
        <line num="48" count="7" type="stmt"/>
        <line num="51" count="7" type="stmt"/>
        <line num="52" count="7" type="stmt"/>
        <line num="53" count="7" type="stmt"/>
        <line num="54" count="7" type="stmt"/>
        <line num="55" count="7" type="stmt"/>
        <line num="58" count="7" type="stmt"/>
        <line num="59" count="7" type="stmt"/>
        <line num="60" count="7" type="stmt"/>
        <line num="61" count="7" type="stmt"/>
        <line num="62" count="7" type="stmt"/>
        <line num="65" count="7" type="stmt"/>
        <line num="66" count="7" type="stmt"/>
        <line num="67" count="7" type="stmt"/>
        <line num="68" count="7" type="stmt"/>
        <line num="69" count="7" type="stmt"/>
      </file>
      <file name="match-cache.ts" path="/Users/levzubenko/pet/ward/wardrobe-web/lib/server/domain/match-cache.ts">
        <metrics statements="7" coveredstatements="7" conditionals="9" coveredconditionals="9" methods="4" coveredmethods="4"/>
        <line num="6" count="3" type="stmt"/>
        <line num="13" count="9" type="cond" truecount="4" falsecount="0"/>
        <line num="21" count="6" type="stmt"/>
        <line num="30" count="3" type="stmt"/>
        <line num="34" count="10" type="stmt"/>
        <line num="35" count="10" type="stmt"/>
        <line num="36" count="3" type="cond" truecount="2" falsecount="0"/>
      </file>
      <file name="match-scoring.ts" path="/Users/levzubenko/pet/ward/wardrobe-web/lib/server/domain/match-scoring.ts">
        <metrics statements="114" coveredstatements="96" conditionals="152" coveredconditionals="119" methods="23" coveredmethods="19"/>
        <line num="28" count="2" type="stmt"/>
        <line num="30" count="2" type="stmt"/>
        <line num="40" count="2" type="stmt"/>
        <line num="47" count="2" type="stmt"/>
        <line num="48" count="2" type="stmt"/>
        <line num="49" count="2" type="stmt"/>
        <line num="51" count="2" type="stmt"/>
        <line num="58" count="63" type="stmt"/>
        <line num="62" count="4" type="stmt"/>
        <line num="63" count="4" type="stmt"/>
        <line num="67" count="18" type="stmt"/>
        <line num="71" count="17" type="cond" truecount="2" falsecount="0"/>
        <line num="75" count="16" type="stmt"/>
        <line num="83" count="14" type="stmt"/>
        <line num="84" count="14" type="stmt"/>
        <line num="89" count="0" type="stmt"/>
        <line num="90" count="0" type="stmt"/>
        <line num="91" count="0" type="stmt"/>
        <line num="92" count="0" type="cond" truecount="0" falsecount="2"/>
        <line num="93" count="0" type="stmt"/>
        <line num="96" count="0" type="stmt"/>
        <line num="99" count="0" type="cond" truecount="0" falsecount="2"/>
        <line num="103" count="18" type="cond" truecount="4" falsecount="0"/>
        <line num="104" count="14" type="stmt"/>
        <line num="106" count="14" type="cond" truecount="4" falsecount="0"/>
        <line num="107" count="11" type="cond" truecount="4" falsecount="0"/>
        <line num="110" count="3" type="cond" truecount="1" falsecount="1"/>
        <line num="111" count="14" type="stmt"/>
        <line num="112" count="14" type="cond" truecount="2" falsecount="0"/>
        <line num="113" count="1" type="stmt"/>
        <line num="114" count="2" type="cond" truecount="1" falsecount="1"/>
        <line num="115" count="2" type="stmt"/>
        <line num="117" count="3" type="cond" truecount="1" falsecount="1"/>
        <line num="118" count="0" type="stmt"/>
        <line num="119" count="3" type="cond" truecount="1" falsecount="1"/>
        <line num="120" count="3" type="stmt"/>
        <line num="123" count="3" type="stmt"/>
        <line num="126" count="4" type="stmt"/>
        <line num="127" count="4" type="stmt"/>
        <line num="128" count="4" type="cond" truecount="2" falsecount="0"/>
        <line num="131" count="18" type="cond" truecount="1" falsecount="1"/>
        <line num="143" count="18" type="cond" truecount="1" falsecount="1"/>
        <line num="144" count="0" type="stmt"/>
        <line num="146" count="4" type="cond" truecount="1" falsecount="1"/>
        <line num="149" count="4" type="stmt"/>
        <line num="153" count="4" type="cond" truecount="2" falsecount="0"/>
        <line num="154" count="2" type="stmt"/>
        <line num="155" count="2" type="cond" truecount="2" falsecount="2"/>
        <line num="156" count="0" type="stmt"/>
        <line num="160" count="4" type="cond" truecount="2" falsecount="0"/>
        <line num="163" count="18" type="cond" truecount="1" falsecount="1"/>
        <line num="165" count="18" type="cond" truecount="2" falsecount="0"/>
        <line num="166" count="1" type="stmt"/>
        <line num="167" count="3" type="cond" truecount="1" falsecount="1"/>
        <line num="168" count="3" type="stmt"/>
        <line num="170" count="0" type="stmt"/>
        <line num="173" count="4" type="cond" truecount="2" falsecount="2"/>
        <line num="174" count="0" type="stmt"/>
        <line num="177" count="4" type="stmt"/>
        <line num="181" count="20" type="stmt"/>
        <line num="182" count="20" type="stmt"/>
        <line num="183" count="20" type="cond" truecount="4" falsecount="0"/>
        <line num="184" count="19" type="cond" truecount="4" falsecount="0"/>
        <line num="185" count="18" type="cond" truecount="4" falsecount="0"/>
        <line num="186" count="15" type="cond" truecount="4" falsecount="0"/>
        <line num="187" count="3" type="cond" truecount="4" falsecount="0"/>
        <line num="188" count="2" type="cond" truecount="3" falsecount="1"/>
        <line num="189" count="0" type="stmt"/>
        <line num="193" count="17" type="stmt"/>
        <line num="194" count="65" type="stmt"/>
        <line num="196" count="17" type="cond" truecount="2" falsecount="0"/>
        <line num="197" count="7" type="cond" truecount="2" falsecount="0"/>
        <line num="198" count="4" type="cond" truecount="2" falsecount="0"/>
        <line num="200" count="1" type="stmt"/>
        <line num="201" count="1" type="cond" truecount="1" falsecount="1"/>
        <line num="202" count="0" type="cond" truecount="0" falsecount="2"/>
        <line num="203" count="0" type="stmt"/>
        <line num="207" count="4" type="stmt"/>
        <line num="208" count="4" type="cond" truecount="2" falsecount="0"/>
        <line num="209" count="2" type="cond" truecount="1" falsecount="1"/>
        <line num="210" count="0" type="stmt"/>
        <line num="212" count="2" type="stmt"/>
        <line num="220" count="16" type="stmt"/>
        <line num="221" count="16" type="cond" truecount="2" falsecount="0"/>
        <line num="222" count="2" type="stmt"/>
        <line num="229" count="14" type="cond" truecount="2" falsecount="0"/>
        <line num="230" count="2" type="cond" truecount="1" falsecount="1"/>
        <line num="234" count="2" type="stmt"/>
        <line num="236" count="0" type="cond" truecount="0" falsecount="2"/>
        <line num="237" count="0" type="stmt"/>
        <line num="241" count="17" type="cond" truecount="3" falsecount="1"/>
        <line num="243" count="17" type="stmt"/>
        <line num="247" count="17" type="cond" truecount="6" falsecount="0"/>
        <line num="249" count="17" type="stmt"/>
        <line num="253" count="16" type="cond" truecount="4" falsecount="0"/>
        <line num="254" count="1" type="stmt"/>
        <line num="256" count="15" type="cond" truecount="4" falsecount="0"/>
        <line num="257" count="1" type="stmt"/>
        <line num="259" count="14" type="stmt"/>
        <line num="263" count="17" type="cond" truecount="4" falsecount="0"/>
        <line num="265" count="13" type="cond" truecount="3" falsecount="0"/>
        <line num="267" count="17" type="cond" truecount="2" falsecount="0"/>
        <line num="269" count="11" type="cond" truecount="3" falsecount="1"/>
        <line num="271" count="17" type="cond" truecount="2" falsecount="0"/>
        <line num="272" count="10" type="stmt"/>
        <line num="276" count="26" type="cond" truecount="2" falsecount="0"/>
        <line num="277" count="1" type="stmt"/>
        <line num="278" count="1" type="cond" truecount="1" falsecount="3"/>
        <line num="283" count="13" type="stmt"/>
        <line num="285" count="13" type="stmt"/>
        <line num="296" count="13" type="stmt"/>
        <line num="312" count="13" type="stmt"/>
        <line num="319" count="13" type="stmt"/>
        <line num="321" count="13" type="stmt"/>
      </file>
      <file name="matching.ts" path="/Users/levzubenko/pet/ward/wardrobe-web/lib/server/domain/matching.ts">
        <metrics statements="37" coveredstatements="37" conditionals="34" coveredconditionals="32" methods="14" coveredmethods="14"/>
        <line num="16" count="1" type="stmt"/>
        <line num="18" count="1" type="stmt"/>
        <line num="28" count="5" type="cond" truecount="4" falsecount="0"/>
        <line num="33" count="1" type="stmt"/>
        <line num="86" count="15" type="cond" truecount="2" falsecount="0"/>
        <line num="87" count="13" type="cond" truecount="2" falsecount="0"/>
        <line num="88" count="4" type="stmt"/>
        <line num="93" count="9" type="stmt"/>
        <line num="104" count="5" type="stmt"/>
        <line num="105" count="5" type="stmt"/>
        <line num="106" count="10" type="stmt"/>
        <line num="107" count="10" type="stmt"/>
        <line num="108" count="10" type="stmt"/>
        <line num="109" count="20" type="cond" truecount="2" falsecount="0"/>
        <line num="110" count="10" type="cond" truecount="2" falsecount="0"/>
        <line num="111" count="6" type="stmt"/>
        <line num="112" count="6" type="stmt"/>
        <line num="114" count="10" type="stmt"/>
        <line num="116" count="5" type="stmt"/>
        <line num="125" count="3" type="stmt"/>
        <line num="126" count="3" type="stmt"/>
        <line num="144" count="6" type="stmt"/>
        <line num="145" count="3" type="stmt"/>
        <line num="147" count="3" type="stmt"/>
        <line num="148" count="5" type="stmt"/>
        <line num="149" count="4" type="stmt"/>
        <line num="153" count="1" type="stmt"/>
        <line num="155" count="3" type="stmt"/>
        <line num="156" count="3" type="stmt"/>
        <line num="157" count="4" type="stmt"/>
        <line num="160" count="4" type="stmt"/>
        <line num="169" count="3" type="cond" truecount="1" falsecount="1"/>
        <line num="171" count="4" type="stmt"/>
        <line num="176" count="21" type="stmt"/>
        <line num="178" count="35" type="stmt"/>
        <line num="179" count="28" type="stmt"/>
        <line num="187" count="3" type="stmt"/>
      </file>
      <file name="season-compat.ts" path="/Users/levzubenko/pet/ward/wardrobe-web/lib/server/domain/season-compat.ts">
        <metrics statements="10" coveredstatements="10" conditionals="12" coveredconditionals="11" methods="4" coveredmethods="4"/>
        <line num="3" count="3" type="stmt"/>
        <line num="11" count="30" type="cond" truecount="2" falsecount="0"/>
        <line num="12" count="67" type="stmt"/>
        <line num="13" count="29" type="stmt"/>
        <line num="17" count="15" type="stmt"/>
        <line num="18" count="15" type="stmt"/>
        <line num="19" count="15" type="cond" truecount="4" falsecount="0"/>
        <line num="20" count="14" type="cond" truecount="4" falsecount="0"/>
        <line num="21" count="5" type="cond" truecount="1" falsecount="1"/>
        <line num="25" count="10" type="stmt"/>
      </file>
      <file name="season-palette.ts" path="/Users/levzubenko/pet/ward/wardrobe-web/lib/server/domain/season-palette.ts">
        <metrics statements="17" coveredstatements="17" conditionals="8" coveredconditionals="8" methods="5" coveredmethods="5"/>
        <line num="10" count="6" type="stmt"/>
        <line num="124" count="6" type="stmt"/>
        <line num="126" count="600" type="stmt"/>
        <line num="129" count="6" type="stmt"/>
        <line num="132" count="1200" type="stmt"/>
        <line num="136" count="12" type="stmt"/>
        <line num="138" count="12" type="stmt"/>
        <line num="139" count="12" type="stmt"/>
        <line num="140" count="1200" type="stmt"/>
        <line num="141" count="1200" type="stmt"/>
        <line num="142" count="1200" type="cond" truecount="4" falsecount="0"/>
        <line num="143" count="219" type="stmt"/>
        <line num="147" count="56" type="stmt"/>
        <line num="148" count="12" type="stmt"/>
        <line num="149" count="12" type="cond" truecount="4" falsecount="0"/>
        <line num="150" count="5" type="stmt"/>
        <line num="152" count="12" type="stmt"/>
      </file>
    </package>
    <package name="lib.server.services">
      <metrics statements="139" coveredstatements="127" conditionals="104" coveredconditionals="75" methods="35" coveredmethods="32"/>
      <file name="account.ts" path="/Users/levzubenko/pet/ward/wardrobe-web/lib/server/services/account.ts">
        <metrics statements="14" coveredstatements="14" conditionals="2" coveredconditionals="2" methods="4" coveredmethods="4"/>
        <line num="8" count="2" type="stmt"/>
        <line num="12" count="2" type="stmt"/>
        <line num="14" count="2" type="stmt"/>
        <line num="15" count="2" type="stmt"/>
        <line num="16" count="1" type="stmt"/>
        <line num="19" count="2" type="stmt"/>
        <line num="20" count="2" type="stmt"/>
        <line num="21" count="2" type="stmt"/>
        <line num="22" count="2" type="stmt"/>
        <line num="23" count="2" type="stmt"/>
        <line num="25" count="2" type="stmt"/>
        <line num="26" count="2" type="cond" truecount="2" falsecount="0"/>
        <line num="27" count="1" type="stmt"/>
        <line num="32" count="1" type="stmt"/>
      </file>
      <file name="feedback.ts" path="/Users/levzubenko/pet/ward/wardrobe-web/lib/server/services/feedback.ts">
        <metrics statements="2" coveredstatements="2" conditionals="4" coveredconditionals="2" methods="1" coveredmethods="1"/>
        <line num="8" count="1" type="stmt"/>
        <line num="16" count="1" type="stmt"/>
      </file>
      <file name="folders.ts" path="/Users/levzubenko/pet/ward/wardrobe-web/lib/server/services/folders.ts">
        <metrics statements="13" coveredstatements="9" conditionals="2" coveredconditionals="2" methods="6" coveredmethods="5"/>
        <line num="9" count="1" type="stmt"/>
        <line num="13" count="2" type="stmt"/>
        <line num="14" count="2" type="cond" truecount="2" falsecount="0"/>
        <line num="18" count="0" type="stmt"/>
        <line num="22" count="0" type="stmt"/>
        <line num="29" count="1" type="stmt"/>
        <line num="30" count="1" type="stmt"/>
        <line num="38" count="1" type="stmt"/>
        <line num="39" count="0" type="stmt"/>
        <line num="40" count="0" type="stmt"/>
        <line num="47" count="1" type="stmt"/>
        <line num="48" count="1" type="stmt"/>
        <line num="49" count="1" type="stmt"/>
      </file>
      <file name="items.ts" path="/Users/levzubenko/pet/ward/wardrobe-web/lib/server/services/items.ts">
        <metrics statements="69" coveredstatements="66" conditionals="62" coveredconditionals="41" methods="13" coveredmethods="12"/>
        <line num="43" count="10" type="stmt"/>
        <line num="72" count="3" type="stmt"/>
        <line num="76" count="3" type="stmt"/>
        <line num="83" count="1" type="stmt"/>
        <line num="86" count="1" type="stmt"/>
        <line num="93" count="4" type="stmt"/>
        <line num="97" count="5" type="stmt"/>
        <line num="98" count="8" type="stmt"/>
        <line num="102" count="4" type="stmt"/>
        <line num="103" count="4" type="cond" truecount="2" falsecount="0"/>
        <line num="104" count="3" type="stmt"/>
        <line num="112" count="4" type="stmt"/>
        <line num="113" count="4" type="cond" truecount="2" falsecount="0"/>
        <line num="114" count="4" type="stmt"/>
        <line num="115" count="4" type="cond" truecount="2" falsecount="0"/>
        <line num="116" count="2" type="stmt"/>
        <line num="117" count="2" type="cond" truecount="1" falsecount="1"/>
        <line num="118" count="2" type="stmt"/>
        <line num="119" count="2" type="stmt"/>
        <line num="120" count="2" type="cond" truecount="1" falsecount="1"/>
        <line num="123" count="4" type="cond" truecount="2" falsecount="0"/>
        <line num="125" count="3" type="stmt"/>
        <line num="126" count="3" type="stmt"/>
        <line num="149" count="4" type="stmt"/>
        <line num="150" count="4" type="stmt"/>
        <line num="152" count="1" type="cond" truecount="1" falsecount="1"/>
        <line num="153" count="1" type="stmt"/>
        <line num="155" count="2" type="stmt"/>
        <line num="156" count="2" type="stmt"/>
        <line num="165" count="2" type="stmt"/>
        <line num="166" count="2" type="stmt"/>
        <line num="167" count="2" type="cond" truecount="2" falsecount="0"/>
        <line num="168" count="2" type="cond" truecount="1" falsecount="1"/>
        <line num="169" count="2" type="cond" truecount="1" falsecount="3"/>
        <line num="170" count="2" type="cond" truecount="1" falsecount="1"/>
        <line num="171" count="2" type="cond" truecount="1" falsecount="3"/>
        <line num="172" count="2" type="cond" truecount="1" falsecount="3"/>
        <line num="173" count="2" type="cond" truecount="1" falsecount="3"/>
        <line num="174" count="2" type="cond" truecount="1" falsecount="1"/>
        <line num="175" count="2" type="cond" truecount="2" falsecount="0"/>
        <line num="176" count="1" type="stmt"/>
        <line num="177" count="1" type="stmt"/>
        <line num="178" count="1" type="stmt"/>
        <line num="179" count="1" type="stmt"/>
        <line num="180" count="1" type="stmt"/>
        <line num="181" count="1" type="stmt"/>
        <line num="182" count="1" type="stmt"/>
        <line num="183" count="1" type="stmt"/>
        <line num="184" count="1" type="stmt"/>
        <line num="187" count="2" type="stmt"/>
        <line num="188" count="2" type="cond" truecount="2" falsecount="0"/>
        <line num="189" count="1" type="stmt"/>
        <line num="190" count="1" type="stmt"/>
        <line num="194" count="2" type="stmt"/>
        <line num="195" count="2" type="stmt"/>
        <line num="197" count="0" type="cond" truecount="0" falsecount="2"/>
        <line num="198" count="0" type="stmt"/>
        <line num="201" count="2" type="cond" truecount="4" falsecount="0"/>
        <line num="202" count="2" type="stmt"/>
        <line num="203" count="2" type="stmt"/>
        <line num="210" count="1" type="stmt"/>
        <line num="212" count="1" type="stmt"/>
        <line num="217" count="1" type="stmt"/>
        <line num="220" count="1" type="stmt"/>
        <line num="222" count="2" type="stmt"/>
        <line num="227" count="1" type="cond" truecount="1" falsecount="1"/>
        <line num="228" count="1" type="stmt"/>
        <line num="229" count="1" type="stmt"/>
        <line num="235" count="0" type="stmt"/>
      </file>
      <file name="outfits.ts" path="/Users/levzubenko/pet/ward/wardrobe-web/lib/server/services/outfits.ts">
        <metrics statements="38" coveredstatements="33" conditionals="20" coveredconditionals="16" methods="9" coveredmethods="8"/>
        <line num="33" count="3" type="stmt"/>
        <line num="43" count="3" type="stmt"/>
        <line num="47" count="3" type="stmt"/>
        <line num="48" count="3" type="cond" truecount="2" falsecount="0"/>
        <line num="49" count="1" type="stmt"/>
        <line num="57" count="3" type="cond" truecount="2" falsecount="0"/>
        <line num="58" count="1" type="stmt"/>
        <line num="61" count="1" type="cond" truecount="1" falsecount="1"/>
        <line num="65" count="0" type="stmt"/>
        <line num="69" count="0" type="stmt"/>
        <line num="76" count="2" type="stmt"/>
        <line num="77" count="2" type="cond" truecount="2" falsecount="0"/>
        <line num="78" count="1" type="stmt"/>
        <line num="79" count="1" type="stmt"/>
        <line num="80" count="1" type="stmt"/>
        <line num="87" count="3" type="stmt"/>
        <line num="88" count="3" type="stmt"/>
        <line num="89" count="2" type="cond" truecount="2" falsecount="0"/>
        <line num="90" count="3" type="stmt"/>
        <line num="91" count="1" type="stmt"/>
        <line num="94" count="1" type="stmt"/>
        <line num="102" count="2" type="stmt"/>
        <line num="103" count="2" type="cond" truecount="2" falsecount="0"/>
        <line num="105" count="1" type="stmt"/>
        <line num="106" count="1" type="cond" truecount="1" falsecount="1"/>
        <line num="107" count="1" type="cond" truecount="1" falsecount="1"/>
        <line num="108" count="0" type="stmt"/>
        <line num="109" count="0" type="stmt"/>
        <line num="110" count="0" type="stmt"/>
        <line num="112" count="1" type="cond" truecount="1" falsecount="1"/>
        <line num="113" count="1" type="stmt"/>
        <line num="114" count="1" type="stmt"/>
        <line num="116" count="1" type="stmt"/>
        <line num="117" count="1" type="stmt"/>
        <line num="124" count="2" type="stmt"/>
        <line num="125" count="2" type="cond" truecount="2" falsecount="0"/>
        <line num="126" count="1" type="stmt"/>
        <line num="127" count="1" type="stmt"/>
      </file>
      <file name="profile.ts" path="/Users/levzubenko/pet/ward/wardrobe-web/lib/server/services/profile.ts">
        <metrics statements="3" coveredstatements="3" conditionals="14" coveredconditionals="12" methods="2" coveredmethods="2"/>
        <line num="15" count="1" type="stmt"/>
        <line num="19" count="1" type="stmt"/>
        <line num="29" count="1" type="stmt"/>
      </file>
    </package>
    <package name="test">
      <metrics statements="3" coveredstatements="3" conditionals="1" coveredconditionals="1" methods="1" coveredmethods="1"/>
      <file name="helpers.ts" path="/Users/levzubenko/pet/ward/wardrobe-web/test/helpers.ts">
        <metrics statements="3" coveredstatements="3" conditionals="1" coveredconditionals="1" methods="1" coveredmethods="1"/>
        <line num="13" count="2" type="stmt"/>
        <line num="16" count="68" type="stmt"/>
        <line num="17" count="68" type="stmt"/>
      </file>
    </package>
  </project>
</coverage>
