{"/Users/levzubenko/pet/ward/wardrobe-web/app/api/folders/route.ts": {"path":"/Users/levzubenko/pet/ward/wardrobe-web/app/api/folders/route.ts","statementMap":{"0":{"start":{"line":7,"column":23},"end":{"line":7,"column":null}},"1":{"start":{"line":8,"column":23},"end":{"line":8,"column":null}},"2":{"start":{"line":11,"column":2},"end":{"line":14,"column":null}},"3":{"start":{"line":12,"column":17},"end":{"line":12,"column":null}},"4":{"start":{"line":13,"column":4},"end":{"line":13,"column":null}},"5":{"start":{"line":18,"column":2},"end":{"line":22,"column":null}},"6":{"start":{"line":19,"column":17},"end":{"line":19,"column":null}},"7":{"start":{"line":20,"column":17},"end":{"line":20,"column":null}},"8":{"start":{"line":21,"column":4},"end":{"line":21,"column":null}}},"fnMap":{"0":{"name":"GET","decl":{"start":{"line":10,"column":22},"end":{"line":10,"column":26}},"loc":{"start":{"line":10,"column":44},"end":{"line":15,"column":null}},"line":10},"1":{"name":"(anonymous_1)","decl":{"start":{"line":11,"column":16},"end":{"line":11,"column":28}},"loc":{"start":{"line":11,"column":28},"end":{"line":14,"column":3}},"line":11},"2":{"name":"POST","decl":{"start":{"line":17,"column":22},"end":{"line":17,"column":27}},"loc":{"start":{"line":17,"column":45},"end":{"line":23,"column":null}},"line":17},"3":{"name":"(anonymous_3)","decl":{"start":{"line":18,"column":16},"end":{"line":18,"column":28}},"loc":{"start":{"line":18,"column":28},"end":{"line":22,"column":3}},"line":18}},"branchMap":{},"s":{"0":1,"1":1,"2":0,"3":0,"4":0,"5":2,"6":2,"7":2,"8":2},"f":{"0":0,"1":0,"2":2,"3":2},"b":{},"meta":{"lastBranch":0,"lastFunction":4,"lastStatement":9,"seen":{"s:7:23:7:Infinity":0,"s:8:23:8:Infinity":1,"f:10:22:10:26":0,"s:11:2:14:Infinity":2,"f:11:16:11:28":1,"s:12:17:12:Infinity":3,"s:13:4:13:Infinity":4,"f:17:22:17:27":2,"s:18:2:22:Infinity":5,"f:18:16:18:28":3,"s:19:17:19:Infinity":6,"s:20:17:20:Infinity":7,"s:21:4:21:Infinity":8},"fnNames":{}}}
,"/Users/levzubenko/pet/ward/wardrobe-web/app/api/health/route.ts": {"path":"/Users/levzubenko/pet/ward/wardrobe-web/app/api/health/route.ts","statementMap":{"0":{"start":{"line":1,"column":23},"end":{"line":1,"column":null}},"1":{"start":{"line":2,"column":23},"end":{"line":2,"column":null}},"2":{"start":{"line":5,"column":2},"end":{"line":5,"column":null}}},"fnMap":{"0":{"name":"GET","decl":{"start":{"line":4,"column":16},"end":{"line":4,"column":22}},"loc":{"start":{"line":4,"column":22},"end":{"line":6,"column":null}},"line":4}},"branchMap":{},"s":{"0":1,"1":1,"2":1},"f":{"0":1},"b":{},"meta":{"lastBranch":0,"lastFunction":1,"lastStatement":3,"seen":{"s:1:23:1:Infinity":0,"s:2:23:2:Infinity":1,"f:4:16:4:22":0,"s:5:2:5:Infinity":2},"fnNames":{}}}
,"/Users/levzubenko/pet/ward/wardrobe-web/app/api/items/route.ts": {"path":"/Users/levzubenko/pet/ward/wardrobe-web/app/api/items/route.ts","statementMap":{"0":{"start":{"line":8,"column":23},"end":{"line":8,"column":null}},"1":{"start":{"line":9,"column":23},"end":{"line":9,"column":null}},"2":{"start":{"line":12,"column":2},"end":{"line":15,"column":null}},"3":{"start":{"line":13,"column":17},"end":{"line":13,"column":null}},"4":{"start":{"line":14,"column":4},"end":{"line":14,"column":null}},"5":{"start":{"line":19,"column":2},"end":{"line":25,"column":null}},"6":{"start":{"line":20,"column":17},"end":{"line":20,"column":null}},"7":{"start":{"line":21,"column":15},"end":{"line":21,"column":null}},"8":{"start":{"line":22,"column":18},"end":{"line":22,"column":null}},"9":{"start":{"line":23,"column":18},"end":{"line":23,"column":null}},"10":{"start":{"line":24,"column":4},"end":{"line":24,"column":null}}},"fnMap":{"0":{"name":"GET","decl":{"start":{"line":11,"column":22},"end":{"line":11,"column":26}},"loc":{"start":{"line":11,"column":44},"end":{"line":16,"column":null}},"line":11},"1":{"name":"(anonymous_1)","decl":{"start":{"line":12,"column":16},"end":{"line":12,"column":28}},"loc":{"start":{"line":12,"column":28},"end":{"line":15,"column":3}},"line":12},"2":{"name":"POST","decl":{"start":{"line":18,"column":22},"end":{"line":18,"column":27}},"loc":{"start":{"line":18,"column":45},"end":{"line":26,"column":null}},"line":18},"3":{"name":"(anonymous_3)","decl":{"start":{"line":19,"column":16},"end":{"line":19,"column":28}},"loc":{"start":{"line":19,"column":28},"end":{"line":25,"column":3}},"line":19}},"branchMap":{},"s":{"0":1,"1":1,"2":3,"3":3,"4":2,"5":0,"6":0,"7":0,"8":0,"9":0,"10":0},"f":{"0":3,"1":3,"2":0,"3":0},"b":{},"meta":{"lastBranch":0,"lastFunction":4,"lastStatement":11,"seen":{"s:8:23:8:Infinity":0,"s:9:23:9:Infinity":1,"f:11:22:11:26":0,"s:12:2:15:Infinity":2,"f:12:16:12:28":1,"s:13:17:13:Infinity":3,"s:14:4:14:Infinity":4,"f:18:22:18:27":2,"s:19:2:25:Infinity":5,"f:19:16:19:28":3,"s:20:17:20:Infinity":6,"s:21:15:21:Infinity":7,"s:22:18:22:Infinity":8,"s:23:18:23:Infinity":9,"s:24:4:24:Infinity":10},"fnNames":{}}}
,"/Users/levzubenko/pet/ward/wardrobe-web/lib/server/http.ts": {"path":"/Users/levzubenko/pet/ward/wardrobe-web/lib/server/http.ts","statementMap":{"0":{"start":{"line":4,"column":4},"end":{"line":4,"column":null}},"1":{"start":{"line":5,"column":4},"end":{"line":5,"column":null}},"2":{"start":{"line":10,"column":2},"end":{"line":10,"column":null}},"3":{"start":{"line":14,"column":2},"end":{"line":14,"column":null}},"4":{"start":{"line":18,"column":2},"end":{"line":20,"column":null}},"5":{"start":{"line":19,"column":4},"end":{"line":19,"column":null}},"6":{"start":{"line":21,"column":2},"end":{"line":21,"column":null}},"7":{"start":{"line":22,"column":2},"end":{"line":22,"column":null}},"8":{"start":{"line":26,"column":2},"end":{"line":30,"column":null}},"9":{"start":{"line":27,"column":4},"end":{"line":27,"column":null}},"10":{"start":{"line":29,"column":4},"end":{"line":29,"column":null}}},"fnMap":{"0":{"name":"constructor","decl":{"start":{"line":3,"column":2},"end":{"line":3,"column":14}},"loc":{"start":{"line":3,"column":47},"end":{"line":6,"column":null}},"line":3},"1":{"name":"badRequest","decl":{"start":{"line":9,"column":16},"end":{"line":9,"column":27}},"loc":{"start":{"line":9,"column":55},"end":{"line":11,"column":null}},"line":9},"2":{"name":"notFound","decl":{"start":{"line":13,"column":16},"end":{"line":13,"column":25}},"loc":{"start":{"line":13,"column":53},"end":{"line":15,"column":null}},"line":13},"3":{"name":"jsonError","decl":{"start":{"line":17,"column":16},"end":{"line":17,"column":26}},"loc":{"start":{"line":17,"column":50},"end":{"line":23,"column":null}},"line":17},"4":{"name":"handle","decl":{"start":{"line":25,"column":22},"end":{"line":25,"column":29}},"loc":{"start":{"line":25,"column":77},"end":{"line":31,"column":null}},"line":25}},"branchMap":{"0":{"loc":{"start":{"line":18,"column":2},"end":{"line":20,"column":null}},"type":"if","locations":[{"start":{"line":18,"column":2},"end":{"line":20,"column":null}},{"start":{},"end":{}}],"line":18}},"s":{"0":27,"1":27,"2":16,"3":6,"4":6,"5":5,"6":1,"7":1,"8":7,"9":7,"10":4},"f":{"0":27,"1":16,"2":6,"3":6,"4":7},"b":{"0":[5,1]},"meta":{"lastBranch":1,"lastFunction":5,"lastStatement":11,"seen":{"f:3:2:3:14":0,"s:4:4:4:Infinity":0,"s:5:4:5:Infinity":1,"f:9:16:9:27":1,"s:10:2:10:Infinity":2,"f:13:16:13:25":2,"s:14:2:14:Infinity":3,"f:17:16:17:26":3,"b:18:2:20:Infinity:undefined:undefined:undefined:undefined":0,"s:18:2:20:Infinity":4,"s:19:4:19:Infinity":5,"s:21:2:21:Infinity":6,"s:22:2:22:Infinity":7,"f:25:22:25:29":4,"s:26:2:30:Infinity":8,"s:27:4:27:Infinity":9,"s:29:4:29:Infinity":10},"fnNames":{}}}
,"/Users/levzubenko/pet/ward/wardrobe-web/lib/server/upload.ts": {"path":"/Users/levzubenko/pet/ward/wardrobe-web/lib/server/upload.ts","statementMap":{"0":{"start":{"line":4,"column":16},"end":{"line":10,"column":null}},"1":{"start":{"line":12,"column":18},"end":{"line":12,"column":null}},"2":{"start":{"line":18,"column":12},"end":{"line":18,"column":null}},"3":{"start":{"line":19,"column":2},"end":{"line":22,"column":null}},"4":{"start":{"line":20,"column":4},"end":{"line":20,"column":null}},"5":{"start":{"line":20,"column":23},"end":{"line":20,"column":null}},"6":{"start":{"line":21,"column":4},"end":{"line":21,"column":null}},"7":{"start":{"line":23,"column":15},"end":{"line":23,"column":null}},"8":{"start":{"line":24,"column":2},"end":{"line":26,"column":null}},"9":{"start":{"line":25,"column":4},"end":{"line":25,"column":null}},"10":{"start":{"line":27,"column":2},"end":{"line":29,"column":null}},"11":{"start":{"line":28,"column":4},"end":{"line":28,"column":null}},"12":{"start":{"line":30,"column":17},"end":{"line":30,"column":null}},"13":{"start":{"line":31,"column":2},"end":{"line":35,"column":null}}},"fnMap":{"0":{"name":"readImage","decl":{"start":{"line":14,"column":22},"end":{"line":14,"column":null}},"loc":{"start":{"line":17,"column":38},"end":{"line":36,"column":null}},"line":17}},"branchMap":{"0":{"loc":{"start":{"line":16,"column":2},"end":{"line":16,"column":null}},"type":"default-arg","locations":[{"start":{"line":16,"column":33},"end":{"line":16,"column":null}}],"line":16},"1":{"loc":{"start":{"line":19,"column":2},"end":{"line":22,"column":null}},"type":"if","locations":[{"start":{"line":19,"column":2},"end":{"line":22,"column":null}},{"start":{},"end":{}}],"line":19},"2":{"loc":{"start":{"line":19,"column":6},"end":{"line":19,"column":35}},"type":"binary-expr","locations":[{"start":{"line":19,"column":6},"end":{"line":19,"column":12}},{"start":{"line":19,"column":12},"end":{"line":19,"column":35}}],"line":19},"3":{"loc":{"start":{"line":20,"column":4},"end":{"line":20,"column":null}},"type":"if","locations":[{"start":{"line":20,"column":4},"end":{"line":20,"column":null}},{"start":{},"end":{}}],"line":20},"4":{"loc":{"start":{"line":24,"column":2},"end":{"line":26,"column":null}},"type":"if","locations":[{"start":{"line":24,"column":2},"end":{"line":26,"column":null}},{"start":{},"end":{}}],"line":24},"5":{"loc":{"start":{"line":27,"column":2},"end":{"line":29,"column":null}},"type":"if","locations":[{"start":{"line":27,"column":2},"end":{"line":29,"column":null}},{"start":{},"end":{}}],"line":27},"6":{"loc":{"start":{"line":33,"column":18},"end":{"line":33,"column":null}},"type":"binary-expr","locations":[{"start":{"line":33,"column":18},"end":{"line":33,"column":31}},{"start":{"line":33,"column":31},"end":{"line":33,"column":null}}],"line":33}},"s":{"0":1,"1":1,"2":0,"3":0,"4":0,"5":0,"6":0,"7":0,"8":0,"9":0,"10":0,"11":0,"12":0,"13":0},"f":{"0":0},"b":{"0":[0],"1":[0,0],"2":[0,0],"3":[0,0],"4":[0,0],"5":[0,0],"6":[0,0]},"meta":{"lastBranch":7,"lastFunction":1,"lastStatement":14,"seen":{"s:4:16:10:Infinity":0,"s:12:18:12:Infinity":1,"f:14:22:14:Infinity":0,"b:16:33:16:Infinity":0,"s:18:12:18:Infinity":2,"b:19:2:22:Infinity:undefined:undefined:undefined:undefined":1,"s:19:2:22:Infinity":3,"b:19:6:19:12:19:12:19:35":2,"b:20:4:20:Infinity:undefined:undefined:undefined:undefined":3,"s:20:4:20:Infinity":4,"s:20:23:20:Infinity":5,"s:21:4:21:Infinity":6,"s:23:15:23:Infinity":7,"b:24:2:26:Infinity:undefined:undefined:undefined:undefined":4,"s:24:2:26:Infinity":8,"s:25:4:25:Infinity":9,"b:27:2:29:Infinity:undefined:undefined:undefined:undefined":5,"s:27:2:29:Infinity":10,"s:28:4:28:Infinity":11,"s:30:17:30:Infinity":12,"s:31:2:35:Infinity":13,"b:33:18:33:31:33:31:33:Infinity":6},"fnNames":{}}}
,"/Users/levzubenko/pet/ward/wardrobe-web/lib/server/validation.ts": {"path":"/Users/levzubenko/pet/ward/wardrobe-web/lib/server/validation.ts","statementMap":{"0":{"start":{"line":8,"column":12},"end":{"line":8,"column":null}},"1":{"start":{"line":10,"column":17},"end":{"line":18,"column":null}},"2":{"start":{"line":19,"column":16},"end":{"line":25,"column":null}},"3":{"start":{"line":26,"column":18},"end":{"line":26,"column":null}},"4":{"start":{"line":27,"column":12},"end":{"line":27,"column":null}},"5":{"start":{"line":28,"column":19},"end":{"line":28,"column":null}},"6":{"start":{"line":29,"column":16},"end":{"line":29,"column":null}},"7":{"start":{"line":30,"column":12},"end":{"line":30,"column":null}},"8":{"start":{"line":31,"column":16},"end":{"line":31,"column":null}},"9":{"start":{"line":32,"column":18},"end":{"line":32,"column":null}},"10":{"start":{"line":35,"column":17},"end":{"line":35,"column":null}},"11":{"start":{"line":36,"column":2},"end":{"line":41,"column":null}},"12":{"start":{"line":37,"column":16},"end":{"line":39,"column":null}},"13":{"start":{"line":38,"column":16},"end":{"line":38,"column":61}},"14":{"start":{"line":40,"column":4},"end":{"line":40,"column":null}},"15":{"start":{"line":42,"column":2},"end":{"line":42,"column":null}},"16":{"start":{"line":45,"column":25},"end":{"line":55,"column":null}},"17":{"start":{"line":57,"column":25},"end":{"line":57,"column":null}},"18":{"start":{"line":60,"column":39},"end":{"line":60,"column":null}},"19":{"start":{"line":61,"column":2},"end":{"line":73,"column":null}},"20":{"start":{"line":71,"column":14},"end":{"line":71,"column":null}},"21":{"start":{"line":72,"column":4},"end":{"line":72,"column":null}},"22":{"start":{"line":72,"column":43},"end":{"line":72,"column":null}},"23":{"start":{"line":74,"column":18},"end":{"line":74,"column":null}},"24":{"start":{"line":74,"column":54},"end":{"line":74,"column":75}},"25":{"start":{"line":75,"column":2},"end":{"line":75,"column":null}},"26":{"start":{"line":75,"column":22},"end":{"line":75,"column":null}},"27":{"start":{"line":76,"column":2},"end":{"line":76,"column":null}},"28":{"start":{"line":80,"column":2},"end":{"line":80,"column":null}},"29":{"start":{"line":84,"column":2},"end":{"line":84,"column":null}},"30":{"start":{"line":87,"column":22},"end":{"line":97,"column":null}},"31":{"start":{"line":100,"column":2},"end":{"line":100,"column":null}},"32":{"start":{"line":103,"column":27},"end":{"line":107,"column":null}},"33":{"start":{"line":109,"column":27},"end":{"line":109,"column":null}},"34":{"start":{"line":112,"column":2},"end":{"line":112,"column":null}},"35":{"start":{"line":116,"column":2},"end":{"line":116,"column":null}},"36":{"start":{"line":119,"column":21},"end":{"line":119,"column":null}},"37":{"start":{"line":122,"column":2},"end":{"line":122,"column":null}},"38":{"start":{"line":125,"column":22},"end":{"line":133,"column":null}},"39":{"start":{"line":136,"column":2},"end":{"line":136,"column":null}},"40":{"start":{"line":139,"column":23},"end":{"line":142,"column":null}},"41":{"start":{"line":148,"column":2},"end":{"line":148,"column":null}}},"fnMap":{"0":{"name":"parse","decl":{"start":{"line":34,"column":9},"end":{"line":34,"column":18}},"loc":{"start":{"line":34,"column":58},"end":{"line":43,"column":null}},"line":34},"1":{"name":"(anonymous_1)","decl":{"start":{"line":38,"column":7},"end":{"line":38,"column":11}},"loc":{"start":{"line":38,"column":16},"end":{"line":38,"column":61}},"line":38},"2":{"name":"itemFieldsFromForm","decl":{"start":{"line":59,"column":9},"end":{"line":59,"column":28}},"loc":{"start":{"line":59,"column":67},"end":{"line":77,"column":null}},"line":59},"3":{"name":"(anonymous_3)","decl":{"start":{"line":74,"column":42},"end":{"line":74,"column":49}},"loc":{"start":{"line":74,"column":54},"end":{"line":74,"column":75}},"line":74},"4":{"name":"parseCreateItemForm","decl":{"start":{"line":79,"column":16},"end":{"line":79,"column":36}},"loc":{"start":{"line":79,"column":67},"end":{"line":81,"column":null}},"line":79},"5":{"name":"parseUpdateItemForm","decl":{"start":{"line":83,"column":16},"end":{"line":83,"column":36}},"loc":{"start":{"line":83,"column":67},"end":{"line":85,"column":null}},"line":83},"6":{"name":"parsePreview","decl":{"start":{"line":99,"column":16},"end":{"line":99,"column":29}},"loc":{"start":{"line":99,"column":58},"end":{"line":101,"column":null}},"line":99},"7":{"name":"parseCreateOutfit","decl":{"start":{"line":111,"column":16},"end":{"line":111,"column":34}},"loc":{"start":{"line":111,"column":68},"end":{"line":113,"column":null}},"line":111},"8":{"name":"parseUpdateOutfit","decl":{"start":{"line":115,"column":16},"end":{"line":115,"column":34}},"loc":{"start":{"line":115,"column":68},"end":{"line":117,"column":null}},"line":115},"9":{"name":"parseFolderName","decl":{"start":{"line":121,"column":16},"end":{"line":121,"column":32}},"loc":{"start":{"line":121,"column":55},"end":{"line":123,"column":null}},"line":121},"10":{"name":"parseUpsertProfile","decl":{"start":{"line":135,"column":16},"end":{"line":135,"column":35}},"loc":{"start":{"line":135,"column":70},"end":{"line":137,"column":null}},"line":135},"11":{"name":"parseFeedback","decl":{"start":{"line":144,"column":16},"end":{"line":144,"column":30}},"loc":{"start":{"line":147,"column":2},"end":{"line":149,"column":null}},"line":147}},"branchMap":{"0":{"loc":{"start":{"line":36,"column":2},"end":{"line":41,"column":null}},"type":"if","locations":[{"start":{"line":36,"column":2},"end":{"line":41,"column":null}},{"start":{},"end":{}}],"line":36},"1":{"loc":{"start":{"line":38,"column":19},"end":{"line":38,"column":46}},"type":"binary-expr","locations":[{"start":{"line":38,"column":19},"end":{"line":38,"column":39}},{"start":{"line":38,"column":39},"end":{"line":38,"column":46}}],"line":38},"2":{"loc":{"start":{"line":72,"column":4},"end":{"line":72,"column":null}},"type":"if","locations":[{"start":{"line":72,"column":4},"end":{"line":72,"column":null}},{"start":{},"end":{}}],"line":72},"3":{"loc":{"start":{"line":72,"column":8},"end":{"line":72,"column":43}},"type":"binary-expr","locations":[{"start":{"line":72,"column":8},"end":{"line":72,"column":33}},{"start":{"line":72,"column":33},"end":{"line":72,"column":43}}],"line":72},"4":{"loc":{"start":{"line":75,"column":2},"end":{"line":75,"column":null}},"type":"if","locations":[{"start":{"line":75,"column":2},"end":{"line":75,"column":null}},{"start":{},"end":{}}],"line":75}},"s":{"0":2,"1":2,"2":2,"3":2,"4":2,"5":2,"6":2,"7":2,"8":2,"9":2,"10":21,"11":21,"12":11,"13":12,"14":11,"15":10,"16":2,"17":2,"18":5,"19":5,"20":40,"21":40,"22":14,"23":5,"24":4,"25":5,"26":4,"27":5,"28":4,"29":1,"30":2,"31":2,"32":2,"33":2,"34":3,"35":1,"36":2,"37":4,"38":2,"39":4,"40":2,"41":2},"f":{"0":21,"1":12,"2":5,"3":4,"4":4,"5":1,"6":2,"7":3,"8":1,"9":4,"10":4,"11":2},"b":{"0":[11,10],"1":[12,0],"2":[14,26],"3":[40,14],"4":[4,1]},"meta":{"lastBranch":5,"lastFunction":12,"lastStatement":42,"seen":{"s:8:12:8:Infinity":0,"s:10:17:18:Infinity":1,"s:19:16:25:Infinity":2,"s:26:18:26:Infinity":3,"s:27:12:27:Infinity":4,"s:28:19:28:Infinity":5,"s:29:16:29:Infinity":6,"s:30:12:30:Infinity":7,"s:31:16:31:Infinity":8,"s:32:18:32:Infinity":9,"f:34:9:34:18":0,"s:35:17:35:Infinity":10,"b:36:2:41:Infinity:undefined:undefined:undefined:undefined":0,"s:36:2:41:Infinity":11,"s:37:16:39:Infinity":12,"f:38:7:38:11":1,"s:38:16:38:61":13,"b:38:19:38:39:38:39:38:46":1,"s:40:4:40:Infinity":14,"s:42:2:42:Infinity":15,"s:45:25:55:Infinity":16,"s:57:25:57:Infinity":17,"f:59:9:59:28":2,"s:60:39:60:Infinity":18,"s:61:2:73:Infinity":19,"s:71:14:71:Infinity":20,"b:72:4:72:Infinity:undefined:undefined:undefined:undefined":2,"s:72:4:72:Infinity":21,"b:72:8:72:33:72:33:72:43":3,"s:72:43:72:Infinity":22,"s:74:18:74:Infinity":23,"f:74:42:74:49":3,"s:74:54:74:75":24,"b:75:2:75:Infinity:undefined:undefined:undefined:undefined":4,"s:75:2:75:Infinity":25,"s:75:22:75:Infinity":26,"s:76:2:76:Infinity":27,"f:79:16:79:36":4,"s:80:2:80:Infinity":28,"f:83:16:83:36":5,"s:84:2:84:Infinity":29,"s:87:22:97:Infinity":30,"f:99:16:99:29":6,"s:100:2:100:Infinity":31,"s:103:27:107:Infinity":32,"s:109:27:109:Infinity":33,"f:111:16:111:34":7,"s:112:2:112:Infinity":34,"f:115:16:115:34":8,"s:116:2:116:Infinity":35,"s:119:21:119:Infinity":36,"f:121:16:121:32":9,"s:122:2:122:Infinity":37,"s:125:22:133:Infinity":38,"f:135:16:135:35":10,"s:136:2:136:Infinity":39,"s:139:23:142:Infinity":40,"f:144:16:144:30":11,"s:148:2:148:Infinity":41},"fnNames":{}}}
,"/Users/levzubenko/pet/ward/wardrobe-web/lib/server/domain/category-compat.ts": {"path":"/Users/levzubenko/pet/ward/wardrobe-web/lib/server/domain/category-compat.ts","statementMap":{"0":{"start":{"line":3,"column":51},"end":{"line":6,"column":null}},"1":{"start":{"line":8,"column":21},"end":{"line":10,"column":null}},"2":{"start":{"line":9,"column":37},"end":{"line":9,"column":60}},"3":{"start":{"line":13,"column":2},"end":{"line":13,"column":null}},"4":{"start":{"line":13,"column":15},"end":{"line":13,"column":null}},"5":{"start":{"line":14,"column":2},"end":{"line":14,"column":null}},"6":{"start":{"line":17,"column":29},"end":{"line":22,"column":null}},"7":{"start":{"line":25,"column":2},"end":{"line":25,"column":null}}},"fnMap":{"0":{"name":"(anonymous_0)","decl":{"start":{"line":9,"column":21},"end":{"line":9,"column":26}},"loc":{"start":{"line":9,"column":37},"end":{"line":9,"column":60}},"line":9},"1":{"name":"categoriesConflict","decl":{"start":{"line":12,"column":16},"end":{"line":12,"column":35}},"loc":{"start":{"line":12,"column":70},"end":{"line":15,"column":null}},"line":12},"2":{"name":"categoryStacks","decl":{"start":{"line":24,"column":16},"end":{"line":24,"column":31}},"loc":{"start":{"line":24,"column":60},"end":{"line":26,"column":null}},"line":24}},"branchMap":{"0":{"loc":{"start":{"line":13,"column":2},"end":{"line":13,"column":null}},"type":"if","locations":[{"start":{"line":13,"column":2},"end":{"line":13,"column":null}},{"start":{},"end":{}}],"line":13}},"s":{"0":2,"1":2,"2":4,"3":32,"4":1,"5":31,"6":2,"7":14},"f":{"0":4,"1":32,"2":14},"b":{"0":[1,31]},"meta":{"lastBranch":1,"lastFunction":3,"lastStatement":8,"seen":{"s:3:51:6:Infinity":0,"s:8:21:10:Infinity":1,"f:9:21:9:26":0,"s:9:37:9:60":2,"f:12:16:12:35":1,"b:13:2:13:Infinity:undefined:undefined:undefined:undefined":0,"s:13:2:13:Infinity":3,"s:13:15:13:Infinity":4,"s:14:2:14:Infinity":5,"s:17:29:22:Infinity":6,"f:24:16:24:31":2,"s:25:2:25:Infinity":7},"fnNames":{}}}
,"/Users/levzubenko/pet/ward/wardrobe-web/lib/server/domain/item-derivation.ts": {"path":"/Users/levzubenko/pet/ward/wardrobe-web/lib/server/domain/item-derivation.ts","statementMap":{"0":{"start":{"line":13,"column":53},"end":{"line":48,"column":null}},"1":{"start":{"line":50,"column":56},"end":{"line":58,"column":null}},"2":{"start":{"line":64,"column":2},"end":{"line":64,"column":null}},"3":{"start":{"line":64,"column":45},"end":{"line":64,"column":null}},"4":{"start":{"line":65,"column":2},"end":{"line":65,"column":null}},"5":{"start":{"line":77,"column":14},"end":{"line":77,"column":null}},"6":{"start":{"line":78,"column":2},"end":{"line":80,"column":null}},"7":{"start":{"line":79,"column":4},"end":{"line":79,"column":null}},"8":{"start":{"line":82,"column":4},"end":{"line":87,"column":null}},"9":{"start":{"line":85,"column":20},"end":{"line":85,"column":25}},"10":{"start":{"line":88,"column":12},"end":{"line":88,"column":null}},"11":{"start":{"line":89,"column":12},"end":{"line":89,"column":null}},"12":{"start":{"line":90,"column":12},"end":{"line":90,"column":null}},"13":{"start":{"line":92,"column":14},"end":{"line":92,"column":null}},"14":{"start":{"line":93,"column":14},"end":{"line":93,"column":null}},"15":{"start":{"line":94,"column":16},"end":{"line":94,"column":null}},"16":{"start":{"line":95,"column":8},"end":{"line":95,"column":null}},"17":{"start":{"line":97,"column":10},"end":{"line":97,"column":null}},"18":{"start":{"line":98,"column":10},"end":{"line":98,"column":null}},"19":{"start":{"line":99,"column":2},"end":{"line":109,"column":null}},"20":{"start":{"line":100,"column":4},"end":{"line":100,"column":null}},"21":{"start":{"line":101,"column":4},"end":{"line":107,"column":null}},"22":{"start":{"line":102,"column":6},"end":{"line":102,"column":null}},"23":{"start":{"line":103,"column":11},"end":{"line":107,"column":null}},"24":{"start":{"line":104,"column":6},"end":{"line":104,"column":null}},"25":{"start":{"line":106,"column":6},"end":{"line":106,"column":null}},"26":{"start":{"line":108,"column":4},"end":{"line":108,"column":null}},"27":{"start":{"line":111,"column":2},"end":{"line":111,"column":null}},"28":{"start":{"line":115,"column":22},"end":{"line":115,"column":null}},"29":{"start":{"line":116,"column":14},"end":{"line":116,"column":null}},"30":{"start":{"line":117,"column":20},"end":{"line":117,"column":null}},"31":{"start":{"line":120,"column":2},"end":{"line":128,"column":null}},"32":{"start":{"line":121,"column":4},"end":{"line":121,"column":null}},"33":{"start":{"line":122,"column":9},"end":{"line":128,"column":null}},"34":{"start":{"line":123,"column":4},"end":{"line":123,"column":null}},"35":{"start":{"line":124,"column":9},"end":{"line":128,"column":null}},"36":{"start":{"line":125,"column":4},"end":{"line":125,"column":null}},"37":{"start":{"line":127,"column":4},"end":{"line":127,"column":null}},"38":{"start":{"line":131,"column":4},"end":{"line":131,"column":null}},"39":{"start":{"line":134,"column":4},"end":{"line":134,"column":null}},"40":{"start":{"line":136,"column":2},"end":{"line":136,"column":null}},"41":{"start":{"line":140,"column":2},"end":{"line":142,"column":null}},"42":{"start":{"line":141,"column":4},"end":{"line":141,"column":null}},"43":{"start":{"line":143,"column":2},"end":{"line":143,"column":null}},"44":{"start":{"line":147,"column":2},"end":{"line":149,"column":null}},"45":{"start":{"line":148,"column":4},"end":{"line":148,"column":null}},"46":{"start":{"line":150,"column":2},"end":{"line":152,"column":null}},"47":{"start":{"line":156,"column":16},"end":{"line":156,"column":null}},"48":{"start":{"line":157,"column":2},"end":{"line":161,"column":null}}},"fnMap":{"0":{"name":"deriveFormality","decl":{"start":{"line":60,"column":16},"end":{"line":60,"column":null}},"loc":{"start":{"line":63,"column":13},"end":{"line":66,"column":null}},"line":63},"1":{"name":"hexToHsl","decl":{"start":{"line":76,"column":9},"end":{"line":76,"column":18}},"loc":{"start":{"line":76,"column":36},"end":{"line":112,"column":null}},"line":76},"2":{"name":"(anonymous_2)","decl":{"start":{"line":85,"column":11},"end":{"line":85,"column":15}},"loc":{"start":{"line":85,"column":20},"end":{"line":85,"column":25}},"line":85},"3":{"name":"deriveColor","decl":{"start":{"line":114,"column":16},"end":{"line":114,"column":28}},"loc":{"start":{"line":114,"column":48},"end":{"line":137,"column":null}},"line":114},"4":{"name":"derivePalette","decl":{"start":{"line":139,"column":9},"end":{"line":139,"column":23}},"loc":{"start":{"line":139,"column":54},"end":{"line":144,"column":null}},"line":139},"5":{"name":"deriveRole","decl":{"start":{"line":146,"column":9},"end":{"line":146,"column":20}},"loc":{"start":{"line":146,"column":48},"end":{"line":153,"column":null}},"line":146},"6":{"name":"deriveItemData","decl":{"start":{"line":155,"column":16},"end":{"line":155,"column":31}},"loc":{"start":{"line":155,"column":61},"end":{"line":162,"column":null}},"line":155}},"branchMap":{"0":{"loc":{"start":{"line":64,"column":2},"end":{"line":64,"column":null}},"type":"if","locations":[{"start":{"line":64,"column":2},"end":{"line":64,"column":null}},{"start":{},"end":{}}],"line":64},"1":{"loc":{"start":{"line":64,"column":6},"end":{"line":64,"column":45}},"type":"binary-expr","locations":[{"start":{"line":64,"column":6},"end":{"line":64,"column":17}},{"start":{"line":64,"column":17},"end":{"line":64,"column":45}}],"line":64},"2":{"loc":{"start":{"line":65,"column":9},"end":{"line":65,"column":null}},"type":"binary-expr","locations":[{"start":{"line":65,"column":9},"end":{"line":65,"column":41}},{"start":{"line":65,"column":41},"end":{"line":65,"column":null}}],"line":65},"3":{"loc":{"start":{"line":78,"column":2},"end":{"line":80,"column":null}},"type":"if","locations":[{"start":{"line":78,"column":2},"end":{"line":80,"column":null}},{"start":{},"end":{}}],"line":78},"4":{"loc":{"start":{"line":78,"column":6},"end":{"line":78,"column":48}},"type":"binary-expr","locations":[{"start":{"line":78,"column":6},"end":{"line":78,"column":28}},{"start":{"line":78,"column":28},"end":{"line":78,"column":48}}],"line":78},"5":{"loc":{"start":{"line":79,"column":27},"end":{"line":79,"column":53}},"type":"cond-expr","locations":[{"start":{"line":79,"column":48},"end":{"line":79,"column":52}},{"start":{"line":79,"column":52},"end":{"line":79,"column":53}}],"line":79},"6":{"loc":{"start":{"line":82,"column":4},"end":{"line":87,"column":null}},"type":"cond-expr","locations":[{"start":{"line":83,"column":8},"end":{"line":86,"column":null}},{"start":{"line":87,"column":8},"end":{"line":87,"column":null}}],"line":82},"7":{"loc":{"start":{"line":99,"column":2},"end":{"line":109,"column":null}},"type":"if","locations":[{"start":{"line":99,"column":2},"end":{"line":109,"column":null}},{"start":{},"end":{}}],"line":99},"8":{"loc":{"start":{"line":100,"column":8},"end":{"line":100,"column":null}},"type":"cond-expr","locations":[{"start":{"line":100,"column":18},"end":{"line":100,"column":44}},{"start":{"line":100,"column":44},"end":{"line":100,"column":null}}],"line":100},"9":{"loc":{"start":{"line":101,"column":4},"end":{"line":107,"column":null}},"type":"if","locations":[{"start":{"line":101,"column":4},"end":{"line":107,"column":null}},{"start":{"line":103,"column":11},"end":{"line":107,"column":null}}],"line":101},"10":{"loc":{"start":{"line":102,"column":29},"end":{"line":102,"column":null}},"type":"cond-expr","locations":[{"start":{"line":102,"column":37},"end":{"line":102,"column":41}},{"start":{"line":102,"column":41},"end":{"line":102,"column":null}}],"line":102},"11":{"loc":{"start":{"line":103,"column":11},"end":{"line":107,"column":null}},"type":"if","locations":[{"start":{"line":103,"column":11},"end":{"line":107,"column":null}},{"start":{"line":105,"column":11},"end":{"line":107,"column":null}}],"line":103},"12":{"loc":{"start":{"line":120,"column":2},"end":{"line":128,"column":null}},"type":"if","locations":[{"start":{"line":120,"column":2},"end":{"line":128,"column":null}},{"start":{"line":122,"column":9},"end":{"line":128,"column":null}}],"line":120},"13":{"loc":{"start":{"line":122,"column":9},"end":{"line":128,"column":null}},"type":"if","locations":[{"start":{"line":122,"column":9},"end":{"line":128,"column":null}},{"start":{"line":124,"column":9},"end":{"line":128,"column":null}}],"line":122},"14":{"loc":{"start":{"line":122,"column":13},"end":{"line":122,"column":37}},"type":"binary-expr","locations":[{"start":{"line":122,"column":13},"end":{"line":122,"column":25}},{"start":{"line":122,"column":25},"end":{"line":122,"column":37}}],"line":122},"15":{"loc":{"start":{"line":124,"column":9},"end":{"line":128,"column":null}},"type":"if","locations":[{"start":{"line":124,"column":9},"end":{"line":128,"column":null}},{"start":{"line":126,"column":9},"end":{"line":128,"column":null}}],"line":124},"16":{"loc":{"start":{"line":127,"column":18},"end":{"line":127,"column":null}},"type":"cond-expr","locations":[{"start":{"line":127,"column":30},"end":{"line":127,"column":49}},{"start":{"line":127,"column":49},"end":{"line":127,"column":null}}],"line":127},"17":{"loc":{"start":{"line":131,"column":4},"end":{"line":131,"column":null}},"type":"cond-expr","locations":[{"start":{"line":131,"column":15},"end":{"line":131,"column":33}},{"start":{"line":131,"column":33},"end":{"line":131,"column":null}}],"line":131},"18":{"loc":{"start":{"line":131,"column":33},"end":{"line":131,"column":null}},"type":"cond-expr","locations":[{"start":{"line":131,"column":44},"end":{"line":131,"column":64}},{"start":{"line":131,"column":64},"end":{"line":131,"column":null}}],"line":131},"19":{"loc":{"start":{"line":134,"column":4},"end":{"line":134,"column":null}},"type":"cond-expr","locations":[{"start":{"line":134,"column":14},"end":{"line":134,"column":33}},{"start":{"line":134,"column":33},"end":{"line":134,"column":null}}],"line":134},"20":{"loc":{"start":{"line":134,"column":33},"end":{"line":134,"column":null}},"type":"cond-expr","locations":[{"start":{"line":134,"column":44},"end":{"line":134,"column":62}},{"start":{"line":134,"column":62},"end":{"line":134,"column":null}}],"line":134},"21":{"loc":{"start":{"line":140,"column":2},"end":{"line":142,"column":null}},"type":"if","locations":[{"start":{"line":140,"column":2},"end":{"line":142,"column":null}},{"start":{},"end":{}}],"line":140},"22":{"loc":{"start":{"line":147,"column":2},"end":{"line":149,"column":null}},"type":"if","locations":[{"start":{"line":147,"column":2},"end":{"line":149,"column":null}},{"start":{},"end":{}}],"line":147},"23":{"loc":{"start":{"line":150,"column":9},"end":{"line":152,"column":null}},"type":"cond-expr","locations":[{"start":{"line":151,"column":6},"end":{"line":151,"column":null}},{"start":{"line":152,"column":6},"end":{"line":152,"column":null}}],"line":150}},"s":{"0":5,"1":5,"2":13,"3":3,"4":10,"5":100,"6":100,"7":0,"8":100,"9":3,"10":100,"11":100,"12":100,"13":100,"14":100,"15":100,"16":100,"17":100,"18":100,"19":100,"20":21,"21":21,"22":12,"23":9,"24":2,"25":7,"26":21,"27":100,"28":100,"29":100,"30":100,"31":100,"32":79,"33":21,"34":12,"35":9,"36":7,"37":2,"38":100,"39":100,"40":100,"41":10,"42":3,"43":7,"44":10,"45":3,"46":7,"47":10,"48":10},"f":{"0":13,"1":100,"2":3,"3":100,"4":10,"5":10,"6":10},"b":{"0":[3,10],"1":[13,4],"2":[10,0],"3":[0,100],"4":[100,100],"5":[0,0],"6":[1,99],"7":[21,79],"8":[1,20],"9":[12,9],"10":[0,12],"11":[2,7],"12":[79,21],"13":[12,9],"14":[21,9],"15":[7,2],"16":[0,2],"17":[7,93],"18":[91,2],"19":[79,21],"20":[6,15],"21":[3,7],"22":[3,7],"23":[3,4]},"meta":{"lastBranch":24,"lastFunction":7,"lastStatement":49,"seen":{"s:13:53:48:Infinity":0,"s:50:56:58:Infinity":1,"f:60:16:60:Infinity":0,"b:64:2:64:Infinity:undefined:undefined:undefined:undefined":0,"s:64:2:64:Infinity":2,"b:64:6:64:17:64:17:64:45":1,"s:64:45:64:Infinity":3,"s:65:2:65:Infinity":4,"b:65:9:65:41:65:41:65:Infinity":2,"f:76:9:76:18":1,"s:77:14:77:Infinity":5,"b:78:2:80:Infinity:undefined:undefined:undefined:undefined":3,"s:78:2:80:Infinity":6,"b:78:6:78:28:78:28:78:48":4,"s:79:4:79:Infinity":7,"b:79:48:79:52:79:52:79:53":5,"s:82:4:87:Infinity":8,"b:83:8:86:Infinity:87:8:87:Infinity":6,"f:85:11:85:15":2,"s:85:20:85:25":9,"s:88:12:88:Infinity":10,"s:89:12:89:Infinity":11,"s:90:12:90:Infinity":12,"s:92:14:92:Infinity":13,"s:93:14:93:Infinity":14,"s:94:16:94:Infinity":15,"s:95:8:95:Infinity":16,"s:97:10:97:Infinity":17,"s:98:10:98:Infinity":18,"b:99:2:109:Infinity:undefined:undefined:undefined:undefined":7,"s:99:2:109:Infinity":19,"s:100:4:100:Infinity":20,"b:100:18:100:44:100:44:100:Infinity":8,"b:101:4:107:Infinity:103:11:107:Infinity":9,"s:101:4:107:Infinity":21,"s:102:6:102:Infinity":22,"b:102:37:102:41:102:41:102:Infinity":10,"b:103:11:107:Infinity:105:11:107:Infinity":11,"s:103:11:107:Infinity":23,"s:104:6:104:Infinity":24,"s:106:6:106:Infinity":25,"s:108:4:108:Infinity":26,"s:111:2:111:Infinity":27,"f:114:16:114:28":3,"s:115:22:115:Infinity":28,"s:116:14:116:Infinity":29,"s:117:20:117:Infinity":30,"b:120:2:128:Infinity:122:9:128:Infinity":12,"s:120:2:128:Infinity":31,"s:121:4:121:Infinity":32,"b:122:9:128:Infinity:124:9:128:Infinity":13,"s:122:9:128:Infinity":33,"b:122:13:122:25:122:25:122:37":14,"s:123:4:123:Infinity":34,"b:124:9:128:Infinity:126:9:128:Infinity":15,"s:124:9:128:Infinity":35,"s:125:4:125:Infinity":36,"s:127:4:127:Infinity":37,"b:127:30:127:49:127:49:127:Infinity":16,"s:131:4:131:Infinity":38,"b:131:15:131:33:131:33:131:Infinity":17,"b:131:44:131:64:131:64:131:Infinity":18,"s:134:4:134:Infinity":39,"b:134:14:134:33:134:33:134:Infinity":19,"b:134:44:134:62:134:62:134:Infinity":20,"s:136:2:136:Infinity":40,"f:139:9:139:23":4,"b:140:2:142:Infinity:undefined:undefined:undefined:undefined":21,"s:140:2:142:Infinity":41,"s:141:4:141:Infinity":42,"s:143:2:143:Infinity":43,"f:146:9:146:20":5,"b:147:2:149:Infinity:undefined:undefined:undefined:undefined":22,"s:147:2:149:Infinity":44,"s:148:4:148:Infinity":45,"s:150:2:152:Infinity":46,"b:151:6:151:Infinity:152:6:152:Infinity":23,"f:155:16:155:31":6,"s:156:16:156:Infinity":47,"s:157:2:161:Infinity":48},"fnNames":{}}}
,"/Users/levzubenko/pet/ward/wardrobe-web/lib/server/domain/item-types.ts": {"path":"/Users/levzubenko/pet/ward/wardrobe-web/lib/server/domain/item-types.ts","statementMap":{"0":{"start":{"line":1,"column":7},"end":{"line":9,"column":null}},"1":{"start":{"line":2,"column":2},"end":{"line":2,"column":null}},"2":{"start":{"line":3,"column":2},"end":{"line":3,"column":null}},"3":{"start":{"line":4,"column":2},"end":{"line":4,"column":null}},"4":{"start":{"line":5,"column":2},"end":{"line":5,"column":null}},"5":{"start":{"line":6,"column":2},"end":{"line":6,"column":null}},"6":{"start":{"line":7,"column":2},"end":{"line":7,"column":null}},"7":{"start":{"line":8,"column":2},"end":{"line":8,"column":null}},"8":{"start":{"line":11,"column":7},"end":{"line":15,"column":null}},"9":{"start":{"line":12,"column":2},"end":{"line":12,"column":null}},"10":{"start":{"line":13,"column":2},"end":{"line":13,"column":null}},"11":{"start":{"line":14,"column":2},"end":{"line":14,"column":null}},"12":{"start":{"line":17,"column":7},"end":{"line":21,"column":null}},"13":{"start":{"line":18,"column":2},"end":{"line":18,"column":null}},"14":{"start":{"line":19,"column":2},"end":{"line":19,"column":null}},"15":{"start":{"line":20,"column":2},"end":{"line":20,"column":null}},"16":{"start":{"line":23,"column":7},"end":{"line":27,"column":null}},"17":{"start":{"line":24,"column":2},"end":{"line":24,"column":null}},"18":{"start":{"line":25,"column":2},"end":{"line":25,"column":null}},"19":{"start":{"line":26,"column":2},"end":{"line":26,"column":null}},"20":{"start":{"line":29,"column":7},"end":{"line":33,"column":null}},"21":{"start":{"line":30,"column":2},"end":{"line":30,"column":null}},"22":{"start":{"line":31,"column":2},"end":{"line":31,"column":null}},"23":{"start":{"line":32,"column":2},"end":{"line":32,"column":null}},"24":{"start":{"line":35,"column":7},"end":{"line":41,"column":null}},"25":{"start":{"line":36,"column":2},"end":{"line":36,"column":null}},"26":{"start":{"line":37,"column":2},"end":{"line":37,"column":null}},"27":{"start":{"line":38,"column":2},"end":{"line":38,"column":null}},"28":{"start":{"line":39,"column":2},"end":{"line":39,"column":null}},"29":{"start":{"line":40,"column":2},"end":{"line":40,"column":null}},"30":{"start":{"line":43,"column":7},"end":{"line":49,"column":null}},"31":{"start":{"line":44,"column":2},"end":{"line":44,"column":null}},"32":{"start":{"line":45,"column":2},"end":{"line":45,"column":null}},"33":{"start":{"line":46,"column":2},"end":{"line":46,"column":null}},"34":{"start":{"line":47,"column":2},"end":{"line":47,"column":null}},"35":{"start":{"line":48,"column":2},"end":{"line":48,"column":null}},"36":{"start":{"line":51,"column":7},"end":{"line":56,"column":null}},"37":{"start":{"line":52,"column":2},"end":{"line":52,"column":null}},"38":{"start":{"line":53,"column":2},"end":{"line":53,"column":null}},"39":{"start":{"line":54,"column":2},"end":{"line":54,"column":null}},"40":{"start":{"line":55,"column":2},"end":{"line":55,"column":null}},"41":{"start":{"line":58,"column":7},"end":{"line":63,"column":null}},"42":{"start":{"line":59,"column":2},"end":{"line":59,"column":null}},"43":{"start":{"line":60,"column":2},"end":{"line":60,"column":null}},"44":{"start":{"line":61,"column":2},"end":{"line":61,"column":null}},"45":{"start":{"line":62,"column":2},"end":{"line":62,"column":null}},"46":{"start":{"line":65,"column":7},"end":{"line":70,"column":null}},"47":{"start":{"line":66,"column":2},"end":{"line":66,"column":null}},"48":{"start":{"line":67,"column":2},"end":{"line":67,"column":null}},"49":{"start":{"line":68,"column":2},"end":{"line":68,"column":null}},"50":{"start":{"line":69,"column":2},"end":{"line":69,"column":null}}},"fnMap":{"0":{"name":"(anonymous_0)","decl":{"start":{"line":1,"column":7},"end":{"line":1,"column":12}},"loc":{"start":{"line":1,"column":7},"end":{"line":9,"column":null}},"line":1},"1":{"name":"(anonymous_1)","decl":{"start":{"line":11,"column":7},"end":{"line":11,"column":12}},"loc":{"start":{"line":11,"column":7},"end":{"line":15,"column":null}},"line":11},"2":{"name":"(anonymous_2)","decl":{"start":{"line":17,"column":7},"end":{"line":17,"column":12}},"loc":{"start":{"line":17,"column":7},"end":{"line":21,"column":null}},"line":17},"3":{"name":"(anonymous_3)","decl":{"start":{"line":23,"column":7},"end":{"line":23,"column":12}},"loc":{"start":{"line":23,"column":7},"end":{"line":27,"column":null}},"line":23},"4":{"name":"(anonymous_4)","decl":{"start":{"line":29,"column":7},"end":{"line":29,"column":12}},"loc":{"start":{"line":29,"column":7},"end":{"line":33,"column":null}},"line":29},"5":{"name":"(anonymous_5)","decl":{"start":{"line":35,"column":7},"end":{"line":35,"column":12}},"loc":{"start":{"line":35,"column":7},"end":{"line":41,"column":null}},"line":35},"6":{"name":"(anonymous_6)","decl":{"start":{"line":43,"column":7},"end":{"line":43,"column":12}},"loc":{"start":{"line":43,"column":7},"end":{"line":49,"column":null}},"line":43},"7":{"name":"(anonymous_7)","decl":{"start":{"line":51,"column":7},"end":{"line":51,"column":12}},"loc":{"start":{"line":51,"column":7},"end":{"line":56,"column":null}},"line":51},"8":{"name":"(anonymous_8)","decl":{"start":{"line":58,"column":7},"end":{"line":58,"column":12}},"loc":{"start":{"line":58,"column":7},"end":{"line":63,"column":null}},"line":58},"9":{"name":"(anonymous_9)","decl":{"start":{"line":65,"column":7},"end":{"line":65,"column":12}},"loc":{"start":{"line":65,"column":7},"end":{"line":70,"column":null}},"line":65}},"branchMap":{},"s":{"0":7,"1":7,"2":7,"3":7,"4":7,"5":7,"6":7,"7":7,"8":7,"9":7,"10":7,"11":7,"12":7,"13":7,"14":7,"15":7,"16":7,"17":7,"18":7,"19":7,"20":7,"21":7,"22":7,"23":7,"24":7,"25":7,"26":7,"27":7,"28":7,"29":7,"30":7,"31":7,"32":7,"33":7,"34":7,"35":7,"36":7,"37":7,"38":7,"39":7,"40":7,"41":7,"42":7,"43":7,"44":7,"45":7,"46":7,"47":7,"48":7,"49":7,"50":7},"f":{"0":7,"1":7,"2":7,"3":7,"4":7,"5":7,"6":7,"7":7,"8":7,"9":7},"b":{},"meta":{"lastBranch":0,"lastFunction":10,"lastStatement":51,"seen":{"s:1:7:9:Infinity":0,"f:1:7:1:12":0,"s:2:2:2:Infinity":1,"s:3:2:3:Infinity":2,"s:4:2:4:Infinity":3,"s:5:2:5:Infinity":4,"s:6:2:6:Infinity":5,"s:7:2:7:Infinity":6,"s:8:2:8:Infinity":7,"s:11:7:15:Infinity":8,"f:11:7:11:12":1,"s:12:2:12:Infinity":9,"s:13:2:13:Infinity":10,"s:14:2:14:Infinity":11,"s:17:7:21:Infinity":12,"f:17:7:17:12":2,"s:18:2:18:Infinity":13,"s:19:2:19:Infinity":14,"s:20:2:20:Infinity":15,"s:23:7:27:Infinity":16,"f:23:7:23:12":3,"s:24:2:24:Infinity":17,"s:25:2:25:Infinity":18,"s:26:2:26:Infinity":19,"s:29:7:33:Infinity":20,"f:29:7:29:12":4,"s:30:2:30:Infinity":21,"s:31:2:31:Infinity":22,"s:32:2:32:Infinity":23,"s:35:7:41:Infinity":24,"f:35:7:35:12":5,"s:36:2:36:Infinity":25,"s:37:2:37:Infinity":26,"s:38:2:38:Infinity":27,"s:39:2:39:Infinity":28,"s:40:2:40:Infinity":29,"s:43:7:49:Infinity":30,"f:43:7:43:12":6,"s:44:2:44:Infinity":31,"s:45:2:45:Infinity":32,"s:46:2:46:Infinity":33,"s:47:2:47:Infinity":34,"s:48:2:48:Infinity":35,"s:51:7:56:Infinity":36,"f:51:7:51:12":7,"s:52:2:52:Infinity":37,"s:53:2:53:Infinity":38,"s:54:2:54:Infinity":39,"s:55:2:55:Infinity":40,"s:58:7:63:Infinity":41,"f:58:7:58:12":8,"s:59:2:59:Infinity":42,"s:60:2:60:Infinity":43,"s:61:2:61:Infinity":44,"s:62:2:62:Infinity":45,"s:65:7:70:Infinity":46,"f:65:7:65:12":9,"s:66:2:66:Infinity":47,"s:67:2:67:Infinity":48,"s:68:2:68:Infinity":49,"s:69:2:69:Infinity":50},"fnNames":{}}}
,"/Users/levzubenko/pet/ward/wardrobe-web/lib/server/domain/match-cache.ts": {"path":"/Users/levzubenko/pet/ward/wardrobe-web/lib/server/domain/match-cache.ts","statementMap":{"0":{"start":{"line":6,"column":14},"end":{"line":6,"column":null}},"1":{"start":{"line":13,"column":2},"end":{"line":13,"column":null}},"2":{"start":{"line":21,"column":2},"end":{"line":21,"column":null}},"3":{"start":{"line":30,"column":2},"end":{"line":30,"column":null}},"4":{"start":{"line":34,"column":17},"end":{"line":34,"column":null}},"5":{"start":{"line":35,"column":2},"end":{"line":37,"column":null}},"6":{"start":{"line":36,"column":4},"end":{"line":36,"column":null}},"7":{"start":{"line":36,"column":30},"end":{"line":36,"column":null}}},"fnMap":{"0":{"name":"key","decl":{"start":{"line":8,"column":9},"end":{"line":8,"column":null}},"loc":{"start":{"line":12,"column":10},"end":{"line":14,"column":null}},"line":12},"1":{"name":"getCachedMatchMap","decl":{"start":{"line":16,"column":16},"end":{"line":16,"column":null}},"loc":{"start":{"line":20,"column":24},"end":{"line":22,"column":null}},"line":20},"2":{"name":"setCachedMatchMap","decl":{"start":{"line":24,"column":16},"end":{"line":24,"column":null}},"loc":{"start":{"line":29,"column":8},"end":{"line":31,"column":null}},"line":29},"3":{"name":"invalidateMatchMap","decl":{"start":{"line":33,"column":16},"end":{"line":33,"column":35}},"loc":{"start":{"line":33,"column":57},"end":{"line":38,"column":null}},"line":33}},"branchMap":{"0":{"loc":{"start":{"line":11,"column":2},"end":{"line":11,"column":null}},"type":"default-arg","locations":[{"start":{"line":11,"column":19},"end":{"line":11,"column":null}}],"line":11},"1":{"loc":{"start":{"line":13,"column":23},"end":{"line":13,"column":39}},"type":"binary-expr","locations":[{"start":{"line":13,"column":23},"end":{"line":13,"column":36}},{"start":{"line":13,"column":36},"end":{"line":13,"column":39}}],"line":13},"2":{"loc":{"start":{"line":13,"column":43},"end":{"line":13,"column":null}},"type":"cond-expr","locations":[{"start":{"line":13,"column":60},"end":{"line":13,"column":66}},{"start":{"line":13,"column":66},"end":{"line":13,"column":null}}],"line":13},"3":{"loc":{"start":{"line":19,"column":2},"end":{"line":19,"column":null}},"type":"default-arg","locations":[{"start":{"line":19,"column":19},"end":{"line":19,"column":null}}],"line":19},"4":{"loc":{"start":{"line":28,"column":2},"end":{"line":28,"column":null}},"type":"default-arg","locations":[{"start":{"line":28,"column":19},"end":{"line":28,"column":null}}],"line":28},"5":{"loc":{"start":{"line":36,"column":4},"end":{"line":36,"column":null}},"type":"if","locations":[{"start":{"line":36,"column":4},"end":{"line":36,"column":null}},{"start":{},"end":{}}],"line":36}},"s":{"0":3,"1":9,"2":6,"3":3,"4":10,"5":10,"6":3,"7":2},"f":{"0":9,"1":6,"2":3,"3":10},"b":{"0":[9],"1":[9,4],"2":[1,8],"3":[6],"4":[3],"5":[2,1]},"meta":{"lastBranch":6,"lastFunction":4,"lastStatement":8,"seen":{"s:6:14:6:Infinity":0,"f:8:9:8:Infinity":0,"b:11:19:11:Infinity":0,"s:13:2:13:Infinity":1,"b:13:23:13:36:13:36:13:39":1,"b:13:60:13:66:13:66:13:Infinity":2,"f:16:16:16:Infinity":1,"b:19:19:19:Infinity":3,"s:21:2:21:Infinity":2,"f:24:16:24:Infinity":2,"b:28:19:28:Infinity":4,"s:30:2:30:Infinity":3,"f:33:16:33:35":3,"s:34:17:34:Infinity":4,"s:35:2:37:Infinity":5,"b:36:4:36:Infinity:undefined:undefined:undefined:undefined":5,"s:36:4:36:Infinity":6,"s:36:30:36:Infinity":7},"fnNames":{}}}
,"/Users/levzubenko/pet/ward/wardrobe-web/lib/server/domain/match-scoring.ts": {"path":"/Users/levzubenko/pet/ward/wardrobe-web/lib/server/domain/match-scoring.ts","statementMap":{"0":{"start":{"line":28,"column":18},"end":{"line":28,"column":null}},"1":{"start":{"line":30,"column":35},"end":{"line":38,"column":null}},"2":{"start":{"line":40,"column":37},"end":{"line":45,"column":null}},"3":{"start":{"line":47,"column":30},"end":{"line":47,"column":null}},"4":{"start":{"line":48,"column":34},"end":{"line":48,"column":null}},"5":{"start":{"line":49,"column":35},"end":{"line":49,"column":null}},"6":{"start":{"line":51,"column":39},"end":{"line":55,"column":null}},"7":{"start":{"line":58,"column":2},"end":{"line":58,"column":null}},"8":{"start":{"line":62,"column":15},"end":{"line":62,"column":null}},"9":{"start":{"line":63,"column":2},"end":{"line":63,"column":null}},"10":{"start":{"line":67,"column":2},"end":{"line":67,"column":null}},"11":{"start":{"line":71,"column":2},"end":{"line":71,"column":null}},"12":{"start":{"line":75,"column":2},"end":{"line":78,"column":null}},"13":{"start":{"line":83,"column":2},"end":{"line":85,"column":null}},"14":{"start":{"line":84,"column":4},"end":{"line":84,"column":null}},"15":{"start":{"line":89,"column":23},"end":{"line":89,"column":null}},"16":{"start":{"line":90,"column":23},"end":{"line":90,"column":null}},"17":{"start":{"line":91,"column":8},"end":{"line":97,"column":null}},"18":{"start":{"line":92,"column":4},"end":{"line":97,"column":null}},"19":{"start":{"line":93,"column":6},"end":{"line":93,"column":null}},"20":{"start":{"line":96,"column":6},"end":{"line":96,"column":null}},"21":{"start":{"line":99,"column":2},"end":{"line":99,"column":null}},"22":{"start":{"line":103,"column":2},"end":{"line":124,"column":null}},"23":{"start":{"line":104,"column":17},"end":{"line":104,"column":null}},"24":{"start":{"line":106,"column":4},"end":{"line":108,"column":null}},"25":{"start":{"line":107,"column":6},"end":{"line":107,"column":null}},"26":{"start":{"line":110,"column":20},"end":{"line":110,"column":null}},"27":{"start":{"line":111,"column":16},"end":{"line":111,"column":null}},"28":{"start":{"line":112,"column":4},"end":{"line":116,"column":null}},"29":{"start":{"line":113,"column":6},"end":{"line":113,"column":null}},"30":{"start":{"line":114,"column":11},"end":{"line":116,"column":null}},"31":{"start":{"line":115,"column":6},"end":{"line":115,"column":null}},"32":{"start":{"line":117,"column":4},"end":{"line":121,"column":null}},"33":{"start":{"line":118,"column":6},"end":{"line":118,"column":null}},"34":{"start":{"line":119,"column":11},"end":{"line":121,"column":null}},"35":{"start":{"line":120,"column":6},"end":{"line":120,"column":null}},"36":{"start":{"line":123,"column":4},"end":{"line":123,"column":null}},"37":{"start":{"line":126,"column":19},"end":{"line":126,"column":null}},"38":{"start":{"line":127,"column":26},"end":{"line":127,"column":null}},"39":{"start":{"line":128,"column":25},"end":{"line":128,"column":null}},"40":{"start":{"line":131,"column":4},"end":{"line":141,"column":null}},"41":{"start":{"line":143,"column":2},"end":{"line":147,"column":null}},"42":{"start":{"line":144,"column":4},"end":{"line":144,"column":null}},"43":{"start":{"line":146,"column":4},"end":{"line":146,"column":null}},"44":{"start":{"line":149,"column":25},"end":{"line":152,"column":null}},"45":{"start":{"line":153,"column":2},"end":{"line":157,"column":null}},"46":{"start":{"line":154,"column":4},"end":{"line":154,"column":null}},"47":{"start":{"line":155,"column":9},"end":{"line":157,"column":null}},"48":{"start":{"line":156,"column":4},"end":{"line":156,"column":null}},"49":{"start":{"line":160,"column":4},"end":{"line":161,"column":null}},"50":{"start":{"line":163,"column":4},"end":{"line":164,"column":null}},"51":{"start":{"line":165,"column":2},"end":{"line":171,"column":null}},"52":{"start":{"line":166,"column":4},"end":{"line":166,"column":null}},"53":{"start":{"line":167,"column":9},"end":{"line":171,"column":null}},"54":{"start":{"line":168,"column":4},"end":{"line":168,"column":null}},"55":{"start":{"line":170,"column":4},"end":{"line":170,"column":null}},"56":{"start":{"line":173,"column":2},"end":{"line":175,"column":null}},"57":{"start":{"line":174,"column":4},"end":{"line":174,"column":null}},"58":{"start":{"line":177,"column":2},"end":{"line":177,"column":null}},"59":{"start":{"line":181,"column":12},"end":{"line":181,"column":null}},"60":{"start":{"line":182,"column":12},"end":{"line":182,"column":null}},"61":{"start":{"line":183,"column":2},"end":{"line":183,"column":null}},"62":{"start":{"line":183,"column":56},"end":{"line":183,"column":null}},"63":{"start":{"line":184,"column":2},"end":{"line":184,"column":null}},"64":{"start":{"line":184,"column":59},"end":{"line":184,"column":null}},"65":{"start":{"line":185,"column":2},"end":{"line":185,"column":null}},"66":{"start":{"line":185,"column":59},"end":{"line":185,"column":null}},"67":{"start":{"line":186,"column":2},"end":{"line":186,"column":null}},"68":{"start":{"line":186,"column":58},"end":{"line":186,"column":null}},"69":{"start":{"line":187,"column":2},"end":{"line":187,"column":null}},"70":{"start":{"line":187,"column":60},"end":{"line":187,"column":null}},"71":{"start":{"line":188,"column":2},"end":{"line":188,"column":null}},"72":{"start":{"line":188,"column":56},"end":{"line":188,"column":null}},"73":{"start":{"line":189,"column":2},"end":{"line":189,"column":null}},"74":{"start":{"line":193,"column":18},"end":{"line":195,"column":null}},"75":{"start":{"line":194,"column":4},"end":{"line":194,"column":null}},"76":{"start":{"line":196,"column":2},"end":{"line":196,"column":null}},"77":{"start":{"line":196,"column":20},"end":{"line":196,"column":null}},"78":{"start":{"line":197,"column":2},"end":{"line":197,"column":null}},"79":{"start":{"line":197,"column":21},"end":{"line":197,"column":null}},"80":{"start":{"line":198,"column":2},"end":{"line":198,"column":null}},"81":{"start":{"line":198,"column":21},"end":{"line":198,"column":null}},"82":{"start":{"line":200,"column":14},"end":{"line":200,"column":null}},"83":{"start":{"line":201,"column":2},"end":{"line":201,"column":null}},"84":{"start":{"line":201,"column":16},"end":{"line":201,"column":null}},"85":{"start":{"line":202,"column":2},"end":{"line":202,"column":null}},"86":{"start":{"line":202,"column":17},"end":{"line":202,"column":null}},"87":{"start":{"line":203,"column":2},"end":{"line":203,"column":null}},"88":{"start":{"line":207,"column":18},"end":{"line":207,"column":null}},"89":{"start":{"line":208,"column":2},"end":{"line":208,"column":null}},"90":{"start":{"line":208,"column":39},"end":{"line":208,"column":null}},"91":{"start":{"line":209,"column":2},"end":{"line":211,"column":null}},"92":{"start":{"line":210,"column":4},"end":{"line":210,"column":null}},"93":{"start":{"line":212,"column":2},"end":{"line":212,"column":null}},"94":{"start":{"line":220,"column":18},"end":{"line":220,"column":null}},"95":{"start":{"line":221,"column":2},"end":{"line":227,"column":null}},"96":{"start":{"line":222,"column":4},"end":{"line":225,"column":null}},"97":{"start":{"line":229,"column":2},"end":{"line":229,"column":null}},"98":{"start":{"line":229,"column":44},"end":{"line":229,"column":null}},"99":{"start":{"line":230,"column":2},"end":{"line":235,"column":null}},"100":{"start":{"line":234,"column":4},"end":{"line":234,"column":null}},"101":{"start":{"line":236,"column":2},"end":{"line":236,"column":null}},"102":{"start":{"line":236,"column":52},"end":{"line":236,"column":null}},"103":{"start":{"line":237,"column":2},"end":{"line":237,"column":null}},"104":{"start":{"line":241,"column":2},"end":{"line":241,"column":null}},"105":{"start":{"line":241,"column":49},"end":{"line":241,"column":null}},"106":{"start":{"line":243,"column":14},"end":{"line":246,"column":null}},"107":{"start":{"line":247,"column":16},"end":{"line":247,"column":null}},"108":{"start":{"line":249,"column":2},"end":{"line":249,"column":null}},"109":{"start":{"line":253,"column":2},"end":{"line":255,"column":null}},"110":{"start":{"line":254,"column":4},"end":{"line":254,"column":null}},"111":{"start":{"line":256,"column":2},"end":{"line":258,"column":null}},"112":{"start":{"line":257,"column":4},"end":{"line":257,"column":null}},"113":{"start":{"line":259,"column":2},"end":{"line":259,"column":null}},"114":{"start":{"line":263,"column":2},"end":{"line":263,"column":null}},"115":{"start":{"line":263,"column":37},"end":{"line":263,"column":null}},"116":{"start":{"line":265,"column":4},"end":{"line":266,"column":null}},"117":{"start":{"line":267,"column":2},"end":{"line":267,"column":null}},"118":{"start":{"line":267,"column":23},"end":{"line":267,"column":null}},"119":{"start":{"line":269,"column":5},"end":{"line":270,"column":null}},"120":{"start":{"line":271,"column":2},"end":{"line":271,"column":null}},"121":{"start":{"line":271,"column":24},"end":{"line":271,"column":null}},"122":{"start":{"line":272,"column":2},"end":{"line":272,"column":null}},"123":{"start":{"line":276,"column":2},"end":{"line":276,"column":null}},"124":{"start":{"line":276,"column":15},"end":{"line":276,"column":null}},"125":{"start":{"line":277,"column":12},"end":{"line":277,"column":null}},"126":{"start":{"line":278,"column":2},"end":{"line":278,"column":null}},"127":{"start":{"line":283,"column":4},"end":{"line":284,"column":null}},"128":{"start":{"line":285,"column":2},"end":{"line":285,"column":null}},"129":{"start":{"line":296,"column":36},"end":{"line":309,"column":null}},"130":{"start":{"line":312,"column":4},"end":{"line":318,"column":null}},"131":{"start":{"line":319,"column":16},"end":{"line":319,"column":null}},"132":{"start":{"line":321,"column":2},"end":{"line":321,"column":null}}},"fnMap":{"0":{"name":"clamp","decl":{"start":{"line":57,"column":9},"end":{"line":57,"column":15}},"loc":{"start":{"line":57,"column":64},"end":{"line":59,"column":null}},"line":57},"1":{"name":"hueDistance","decl":{"start":{"line":61,"column":9},"end":{"line":61,"column":21}},"loc":{"start":{"line":61,"column":51},"end":{"line":64,"column":null}},"line":61},"2":{"name":"brightnessDistance","decl":{"start":{"line":66,"column":9},"end":{"line":66,"column":28}},"loc":{"start":{"line":66,"column":66},"end":{"line":68,"column":null}},"line":66},"3":{"name":"isLoudPattern","decl":{"start":{"line":70,"column":9},"end":{"line":70,"column":23}},"loc":{"start":{"line":70,"column":50},"end":{"line":72,"column":null}},"line":70},"4":{"name":"isPatterned","decl":{"start":{"line":74,"column":9},"end":{"line":74,"column":21}},"loc":{"start":{"line":74,"column":48},"end":{"line":80,"column":null}},"line":74},"5":{"name":"hasPaletteOverlap","decl":{"start":{"line":82,"column":9},"end":{"line":82,"column":27}},"loc":{"start":{"line":82,"column":67},"end":{"line":86,"column":null}},"line":82},"6":{"name":"(anonymous_6)","decl":{"start":{"line":83,"column":46},"end":{"line":83,"column":51}},"loc":{"start":{"line":84,"column":4},"end":{"line":84,"column":null}},"line":84},"7":{"name":"hasSamePaletteTemperature","decl":{"start":{"line":88,"column":9},"end":{"line":88,"column":35}},"loc":{"start":{"line":88,"column":75},"end":{"line":100,"column":null}},"line":88},"8":{"name":"(anonymous_8)","decl":{"start":{"line":91,"column":8},"end":{"line":91,"column":23}},"loc":{"start":{"line":92,"column":4},"end":{"line":97,"column":null}},"line":92},"9":{"name":"(anonymous_9)","decl":{"start":{"line":92,"column":38},"end":{"line":92,"column":43}},"loc":{"start":{"line":93,"column":6},"end":{"line":93,"column":null}},"line":93},"10":{"name":"(anonymous_10)","decl":{"start":{"line":95,"column":41},"end":{"line":95,"column":46}},"loc":{"start":{"line":96,"column":6},"end":{"line":96,"column":null}},"line":96},"11":{"name":"computeColorScore","decl":{"start":{"line":102,"column":16},"end":{"line":102,"column":34}},"loc":{"start":{"line":102,"column":75},"end":{"line":178,"column":null}},"line":102},"12":{"name":"computeRoleScore","decl":{"start":{"line":180,"column":16},"end":{"line":180,"column":33}},"loc":{"start":{"line":180,"column":72},"end":{"line":190,"column":null}},"line":180},"13":{"name":"computeSeasonScore","decl":{"start":{"line":192,"column":16},"end":{"line":192,"column":35}},"loc":{"start":{"line":192,"column":74},"end":{"line":204,"column":null}},"line":192},"14":{"name":"(anonymous_14)","decl":{"start":{"line":193,"column":39},"end":{"line":193,"column":46}},"loc":{"start":{"line":194,"column":4},"end":{"line":194,"column":null}},"line":194},"15":{"name":"colorTypeFit","decl":{"start":{"line":206,"column":9},"end":{"line":206,"column":22}},"loc":{"start":{"line":206,"column":72},"end":{"line":213,"column":null}},"line":206},"16":{"name":"computePaletteScore","decl":{"start":{"line":215,"column":16},"end":{"line":215,"column":null}},"loc":{"start":{"line":219,"column":10},"end":{"line":238,"column":null}},"line":219},"17":{"name":"computeStyleScore","decl":{"start":{"line":240,"column":16},"end":{"line":240,"column":34}},"loc":{"start":{"line":240,"column":73},"end":{"line":250,"column":null}},"line":240},"18":{"name":"computePatternScore","decl":{"start":{"line":252,"column":16},"end":{"line":252,"column":36}},"loc":{"start":{"line":252,"column":75},"end":{"line":260,"column":null}},"line":252},"19":{"name":"computeFitScore","decl":{"start":{"line":262,"column":16},"end":{"line":262,"column":32}},"loc":{"start":{"line":262,"column":71},"end":{"line":273,"column":null}},"line":262},"20":{"name":"accentTieIn","decl":{"start":{"line":275,"column":9},"end":{"line":275,"column":21}},"loc":{"start":{"line":275,"column":72},"end":{"line":279,"column":null}},"line":275},"21":{"name":"accentAdjust","decl":{"start":{"line":281,"column":9},"end":{"line":281,"column":22}},"loc":{"start":{"line":281,"column":61},"end":{"line":286,"column":null}},"line":281},"22":{"name":"computeTotalScore","decl":{"start":{"line":288,"column":16},"end":{"line":288,"column":null}},"loc":{"start":{"line":295,"column":2},"end":{"line":322,"column":null}},"line":295}},"branchMap":{"0":{"loc":{"start":{"line":71,"column":9},"end":{"line":71,"column":null}},"type":"binary-expr","locations":[{"start":{"line":71,"column":9},"end":{"line":71,"column":44}},{"start":{"line":71,"column":44},"end":{"line":71,"column":null}}],"line":71},"1":{"loc":{"start":{"line":76,"column":4},"end":{"line":78,"column":null}},"type":"binary-expr","locations":[{"start":{"line":76,"column":4},"end":{"line":76,"column":null}},{"start":{"line":77,"column":4},"end":{"line":77,"column":null}},{"start":{"line":78,"column":4},"end":{"line":78,"column":null}}],"line":76},"2":{"loc":{"start":{"line":92,"column":4},"end":{"line":97,"column":null}},"type":"binary-expr","locations":[{"start":{"line":92,"column":4},"end":{"line":94,"column":null}},{"start":{"line":95,"column":4},"end":{"line":97,"column":null}}],"line":92},"3":{"loc":{"start":{"line":99,"column":9},"end":{"line":99,"column":null}},"type":"binary-expr","locations":[{"start":{"line":99,"column":9},"end":{"line":99,"column":38}},{"start":{"line":99,"column":38},"end":{"line":99,"column":null}}],"line":99},"4":{"loc":{"start":{"line":103,"column":2},"end":{"line":124,"column":null}},"type":"if","locations":[{"start":{"line":103,"column":2},"end":{"line":124,"column":null}},{"start":{},"end":{}}],"line":103},"5":{"loc":{"start":{"line":103,"column":6},"end":{"line":103,"column":47}},"type":"binary-expr","locations":[{"start":{"line":103,"column":6},"end":{"line":103,"column":26}},{"start":{"line":103,"column":26},"end":{"line":103,"column":47}}],"line":103},"6":{"loc":{"start":{"line":106,"column":4},"end":{"line":108,"column":null}},"type":"if","locations":[{"start":{"line":106,"column":4},"end":{"line":108,"column":null}},{"start":{},"end":{}}],"line":106},"7":{"loc":{"start":{"line":106,"column":8},"end":{"line":106,"column":49}},"type":"binary-expr","locations":[{"start":{"line":106,"column":8},"end":{"line":106,"column":28}},{"start":{"line":106,"column":28},"end":{"line":106,"column":49}}],"line":106},"8":{"loc":{"start":{"line":107,"column":13},"end":{"line":107,"column":null}},"type":"cond-expr","locations":[{"start":{"line":107,"column":26},"end":{"line":107,"column":30}},{"start":{"line":107,"column":30},"end":{"line":107,"column":null}}],"line":107},"9":{"loc":{"start":{"line":107,"column":30},"end":{"line":107,"column":null}},"type":"cond-expr","locations":[{"start":{"line":107,"column":43},"end":{"line":107,"column":48}},{"start":{"line":107,"column":48},"end":{"line":107,"column":null}}],"line":107},"10":{"loc":{"start":{"line":110,"column":20},"end":{"line":110,"column":null}},"type":"cond-expr","locations":[{"start":{"line":110,"column":39},"end":{"line":110,"column":51}},{"start":{"line":110,"column":51},"end":{"line":110,"column":null}}],"line":110},"11":{"loc":{"start":{"line":112,"column":4},"end":{"line":116,"column":null}},"type":"if","locations":[{"start":{"line":112,"column":4},"end":{"line":116,"column":null}},{"start":{"line":114,"column":11},"end":{"line":116,"column":null}}],"line":112},"12":{"loc":{"start":{"line":114,"column":11},"end":{"line":116,"column":null}},"type":"if","locations":[{"start":{"line":114,"column":11},"end":{"line":116,"column":null}},{"start":{},"end":{}}],"line":114},"13":{"loc":{"start":{"line":117,"column":4},"end":{"line":121,"column":null}},"type":"if","locations":[{"start":{"line":117,"column":4},"end":{"line":121,"column":null}},{"start":{"line":119,"column":11},"end":{"line":121,"column":null}}],"line":117},"14":{"loc":{"start":{"line":119,"column":11},"end":{"line":121,"column":null}},"type":"if","locations":[{"start":{"line":119,"column":11},"end":{"line":121,"column":null}},{"start":{},"end":{}}],"line":119},"15":{"loc":{"start":{"line":128,"column":25},"end":{"line":128,"column":null}},"type":"binary-expr","locations":[{"start":{"line":128,"column":25},"end":{"line":128,"column":43}},{"start":{"line":128,"column":43},"end":{"line":128,"column":null}}],"line":128},"16":{"loc":{"start":{"line":131,"column":4},"end":{"line":141,"column":null}},"type":"cond-expr","locations":[{"start":{"line":132,"column":8},"end":{"line":132,"column":null}},{"start":{"line":133,"column":8},"end":{"line":141,"column":null}}],"line":131},"17":{"loc":{"start":{"line":133,"column":8},"end":{"line":141,"column":null}},"type":"cond-expr","locations":[{"start":{"line":134,"column":10},"end":{"line":134,"column":null}},{"start":{"line":135,"column":10},"end":{"line":141,"column":null}}],"line":133},"18":{"loc":{"start":{"line":135,"column":10},"end":{"line":141,"column":null}},"type":"cond-expr","locations":[{"start":{"line":136,"column":12},"end":{"line":136,"column":null}},{"start":{"line":137,"column":12},"end":{"line":141,"column":null}}],"line":135},"19":{"loc":{"start":{"line":137,"column":12},"end":{"line":141,"column":null}},"type":"cond-expr","locations":[{"start":{"line":138,"column":14},"end":{"line":138,"column":null}},{"start":{"line":139,"column":14},"end":{"line":141,"column":null}}],"line":137},"20":{"loc":{"start":{"line":139,"column":14},"end":{"line":141,"column":null}},"type":"cond-expr","locations":[{"start":{"line":140,"column":16},"end":{"line":140,"column":null}},{"start":{"line":141,"column":16},"end":{"line":141,"column":null}}],"line":139},"21":{"loc":{"start":{"line":143,"column":2},"end":{"line":147,"column":null}},"type":"if","locations":[{"start":{"line":143,"column":2},"end":{"line":147,"column":null}},{"start":{"line":145,"column":9},"end":{"line":147,"column":null}}],"line":143},"22":{"loc":{"start":{"line":146,"column":13},"end":{"line":146,"column":null}},"type":"cond-expr","locations":[{"start":{"line":146,"column":30},"end":{"line":146,"column":34}},{"start":{"line":146,"column":34},"end":{"line":146,"column":null}}],"line":146},"23":{"loc":{"start":{"line":153,"column":2},"end":{"line":157,"column":null}},"type":"if","locations":[{"start":{"line":153,"column":2},"end":{"line":157,"column":null}},{"start":{"line":155,"column":9},"end":{"line":157,"column":null}}],"line":153},"24":{"loc":{"start":{"line":155,"column":9},"end":{"line":157,"column":null}},"type":"if","locations":[{"start":{"line":155,"column":9},"end":{"line":157,"column":null}},{"start":{},"end":{}}],"line":155},"25":{"loc":{"start":{"line":155,"column":13},"end":{"line":155,"column":55}},"type":"binary-expr","locations":[{"start":{"line":155,"column":13},"end":{"line":155,"column":37}},{"start":{"line":155,"column":37},"end":{"line":155,"column":55}}],"line":155},"26":{"loc":{"start":{"line":160,"column":4},"end":{"line":161,"column":null}},"type":"binary-expr","locations":[{"start":{"line":160,"column":4},"end":{"line":160,"column":null}},{"start":{"line":161,"column":4},"end":{"line":161,"column":null}}],"line":160},"27":{"loc":{"start":{"line":163,"column":4},"end":{"line":164,"column":null}},"type":"binary-expr","locations":[{"start":{"line":163,"column":4},"end":{"line":163,"column":null}},{"start":{"line":164,"column":4},"end":{"line":164,"column":null}}],"line":163},"28":{"loc":{"start":{"line":165,"column":2},"end":{"line":171,"column":null}},"type":"if","locations":[{"start":{"line":165,"column":2},"end":{"line":171,"column":null}},{"start":{"line":167,"column":9},"end":{"line":171,"column":null}}],"line":165},"29":{"loc":{"start":{"line":167,"column":9},"end":{"line":171,"column":null}},"type":"if","locations":[{"start":{"line":167,"column":9},"end":{"line":171,"column":null}},{"start":{"line":169,"column":9},"end":{"line":171,"column":null}}],"line":167},"30":{"loc":{"start":{"line":173,"column":2},"end":{"line":175,"column":null}},"type":"if","locations":[{"start":{"line":173,"column":2},"end":{"line":175,"column":null}},{"start":{},"end":{}}],"line":173},"31":{"loc":{"start":{"line":173,"column":6},"end":{"line":173,"column":44}},"type":"binary-expr","locations":[{"start":{"line":173,"column":6},"end":{"line":173,"column":24}},{"start":{"line":173,"column":24},"end":{"line":173,"column":44}}],"line":173},"32":{"loc":{"start":{"line":183,"column":2},"end":{"line":183,"column":null}},"type":"if","locations":[{"start":{"line":183,"column":2},"end":{"line":183,"column":null}},{"start":{},"end":{}}],"line":183},"33":{"loc":{"start":{"line":183,"column":6},"end":{"line":183,"column":56}},"type":"binary-expr","locations":[{"start":{"line":183,"column":6},"end":{"line":183,"column":32}},{"start":{"line":183,"column":32},"end":{"line":183,"column":56}}],"line":183},"34":{"loc":{"start":{"line":184,"column":2},"end":{"line":184,"column":null}},"type":"if","locations":[{"start":{"line":184,"column":2},"end":{"line":184,"column":null}},{"start":{},"end":{}}],"line":184},"35":{"loc":{"start":{"line":184,"column":6},"end":{"line":184,"column":59}},"type":"binary-expr","locations":[{"start":{"line":184,"column":6},"end":{"line":184,"column":33}},{"start":{"line":184,"column":33},"end":{"line":184,"column":59}}],"line":184},"36":{"loc":{"start":{"line":185,"column":2},"end":{"line":185,"column":null}},"type":"if","locations":[{"start":{"line":185,"column":2},"end":{"line":185,"column":null}},{"start":{},"end":{}}],"line":185},"37":{"loc":{"start":{"line":185,"column":6},"end":{"line":185,"column":59}},"type":"binary-expr","locations":[{"start":{"line":185,"column":6},"end":{"line":185,"column":34}},{"start":{"line":185,"column":34},"end":{"line":185,"column":59}}],"line":185},"38":{"loc":{"start":{"line":186,"column":2},"end":{"line":186,"column":null}},"type":"if","locations":[{"start":{"line":186,"column":2},"end":{"line":186,"column":null}},{"start":{},"end":{}}],"line":186},"39":{"loc":{"start":{"line":186,"column":6},"end":{"line":186,"column":58}},"type":"binary-expr","locations":[{"start":{"line":186,"column":6},"end":{"line":186,"column":33}},{"start":{"line":186,"column":33},"end":{"line":186,"column":58}}],"line":186},"40":{"loc":{"start":{"line":187,"column":2},"end":{"line":187,"column":null}},"type":"if","locations":[{"start":{"line":187,"column":2},"end":{"line":187,"column":null}},{"start":{},"end":{}}],"line":187},"41":{"loc":{"start":{"line":187,"column":6},"end":{"line":187,"column":60}},"type":"binary-expr","locations":[{"start":{"line":187,"column":6},"end":{"line":187,"column":34}},{"start":{"line":187,"column":34},"end":{"line":187,"column":60}}],"line":187},"42":{"loc":{"start":{"line":188,"column":2},"end":{"line":188,"column":null}},"type":"if","locations":[{"start":{"line":188,"column":2},"end":{"line":188,"column":null}},{"start":{},"end":{}}],"line":188},"43":{"loc":{"start":{"line":188,"column":6},"end":{"line":188,"column":56}},"type":"binary-expr","locations":[{"start":{"line":188,"column":6},"end":{"line":188,"column":32}},{"start":{"line":188,"column":32},"end":{"line":188,"column":56}}],"line":188},"44":{"loc":{"start":{"line":196,"column":2},"end":{"line":196,"column":null}},"type":"if","locations":[{"start":{"line":196,"column":2},"end":{"line":196,"column":null}},{"start":{},"end":{}}],"line":196},"45":{"loc":{"start":{"line":197,"column":2},"end":{"line":197,"column":null}},"type":"if","locations":[{"start":{"line":197,"column":2},"end":{"line":197,"column":null}},{"start":{},"end":{}}],"line":197},"46":{"loc":{"start":{"line":198,"column":2},"end":{"line":198,"column":null}},"type":"if","locations":[{"start":{"line":198,"column":2},"end":{"line":198,"column":null}},{"start":{},"end":{}}],"line":198},"47":{"loc":{"start":{"line":201,"column":2},"end":{"line":201,"column":null}},"type":"if","locations":[{"start":{"line":201,"column":2},"end":{"line":201,"column":null}},{"start":{},"end":{}}],"line":201},"48":{"loc":{"start":{"line":202,"column":2},"end":{"line":202,"column":null}},"type":"if","locations":[{"start":{"line":202,"column":2},"end":{"line":202,"column":null}},{"start":{},"end":{}}],"line":202},"49":{"loc":{"start":{"line":208,"column":2},"end":{"line":208,"column":null}},"type":"if","locations":[{"start":{"line":208,"column":2},"end":{"line":208,"column":null}},{"start":{},"end":{}}],"line":208},"50":{"loc":{"start":{"line":209,"column":2},"end":{"line":211,"column":null}},"type":"if","locations":[{"start":{"line":209,"column":2},"end":{"line":211,"column":null}},{"start":{},"end":{}}],"line":209},"51":{"loc":{"start":{"line":221,"column":2},"end":{"line":227,"column":null}},"type":"if","locations":[{"start":{"line":221,"column":2},"end":{"line":227,"column":null}},{"start":{},"end":{}}],"line":221},"52":{"loc":{"start":{"line":229,"column":2},"end":{"line":229,"column":null}},"type":"if","locations":[{"start":{"line":229,"column":2},"end":{"line":229,"column":null}},{"start":{},"end":{}}],"line":229},"53":{"loc":{"start":{"line":230,"column":2},"end":{"line":235,"column":null}},"type":"if","locations":[{"start":{"line":230,"column":2},"end":{"line":235,"column":null}},{"start":{},"end":{}}],"line":230},"54":{"loc":{"start":{"line":231,"column":4},"end":{"line":232,"column":null}},"type":"binary-expr","locations":[{"start":{"line":231,"column":4},"end":{"line":231,"column":null}},{"start":{"line":232,"column":4},"end":{"line":232,"column":null}}],"line":231},"55":{"loc":{"start":{"line":236,"column":2},"end":{"line":236,"column":null}},"type":"if","locations":[{"start":{"line":236,"column":2},"end":{"line":236,"column":null}},{"start":{},"end":{}}],"line":236},"56":{"loc":{"start":{"line":241,"column":2},"end":{"line":241,"column":null}},"type":"if","locations":[{"start":{"line":241,"column":2},"end":{"line":241,"column":null}},{"start":{},"end":{}}],"line":241},"57":{"loc":{"start":{"line":241,"column":6},"end":{"line":241,"column":49}},"type":"binary-expr","locations":[{"start":{"line":241,"column":6},"end":{"line":241,"column":27}},{"start":{"line":241,"column":27},"end":{"line":241,"column":49}}],"line":241},"58":{"loc":{"start":{"line":247,"column":16},"end":{"line":247,"column":null}},"type":"cond-expr","locations":[{"start":{"line":247,"column":28},"end":{"line":247,"column":32}},{"start":{"line":247,"column":32},"end":{"line":247,"column":null}}],"line":247},"59":{"loc":{"start":{"line":247,"column":32},"end":{"line":247,"column":null}},"type":"cond-expr","locations":[{"start":{"line":247,"column":44},"end":{"line":247,"column":48}},{"start":{"line":247,"column":48},"end":{"line":247,"column":null}}],"line":247},"60":{"loc":{"start":{"line":247,"column":48},"end":{"line":247,"column":null}},"type":"cond-expr","locations":[{"start":{"line":247,"column":60},"end":{"line":247,"column":64}},{"start":{"line":247,"column":64},"end":{"line":247,"column":null}}],"line":247},"61":{"loc":{"start":{"line":253,"column":2},"end":{"line":255,"column":null}},"type":"if","locations":[{"start":{"line":253,"column":2},"end":{"line":255,"column":null}},{"start":{},"end":{}}],"line":253},"62":{"loc":{"start":{"line":253,"column":6},"end":{"line":253,"column":73}},"type":"binary-expr","locations":[{"start":{"line":253,"column":6},"end":{"line":253,"column":39}},{"start":{"line":253,"column":39},"end":{"line":253,"column":73}}],"line":253},"63":{"loc":{"start":{"line":256,"column":2},"end":{"line":258,"column":null}},"type":"if","locations":[{"start":{"line":256,"column":2},"end":{"line":258,"column":null}},{"start":{},"end":{}}],"line":256},"64":{"loc":{"start":{"line":256,"column":6},"end":{"line":256,"column":69}},"type":"binary-expr","locations":[{"start":{"line":256,"column":6},"end":{"line":256,"column":37}},{"start":{"line":256,"column":37},"end":{"line":256,"column":69}}],"line":256},"65":{"loc":{"start":{"line":263,"column":2},"end":{"line":263,"column":null}},"type":"if","locations":[{"start":{"line":263,"column":2},"end":{"line":263,"column":null}},{"start":{},"end":{}}],"line":263},"66":{"loc":{"start":{"line":263,"column":6},"end":{"line":263,"column":37}},"type":"binary-expr","locations":[{"start":{"line":263,"column":6},"end":{"line":263,"column":21}},{"start":{"line":263,"column":21},"end":{"line":263,"column":37}}],"line":263},"67":{"loc":{"start":{"line":265,"column":4},"end":{"line":266,"column":null}},"type":"binary-expr","locations":[{"start":{"line":265,"column":4},"end":{"line":265,"column":null}},{"start":{"line":266,"column":5},"end":{"line":266,"column":32}},{"start":{"line":266,"column":32},"end":{"line":266,"column":null}}],"line":265},"68":{"loc":{"start":{"line":267,"column":2},"end":{"line":267,"column":null}},"type":"if","locations":[{"start":{"line":267,"column":2},"end":{"line":267,"column":null}},{"start":{},"end":{}}],"line":267},"69":{"loc":{"start":{"line":269,"column":5},"end":{"line":270,"column":null}},"type":"binary-expr","locations":[{"start":{"line":269,"column":5},"end":{"line":269,"column":32}},{"start":{"line":269,"column":32},"end":{"line":269,"column":null}},{"start":{"line":270,"column":5},"end":{"line":270,"column":37}},{"start":{"line":270,"column":37},"end":{"line":270,"column":null}}],"line":269},"70":{"loc":{"start":{"line":271,"column":2},"end":{"line":271,"column":null}},"type":"if","locations":[{"start":{"line":271,"column":2},"end":{"line":271,"column":null}},{"start":{},"end":{}}],"line":271},"71":{"loc":{"start":{"line":276,"column":2},"end":{"line":276,"column":null}},"type":"if","locations":[{"start":{"line":276,"column":2},"end":{"line":276,"column":null}},{"start":{},"end":{}}],"line":276},"72":{"loc":{"start":{"line":278,"column":9},"end":{"line":278,"column":null}},"type":"cond-expr","locations":[{"start":{"line":278,"column":18},"end":{"line":278,"column":22}},{"start":{"line":278,"column":22},"end":{"line":278,"column":null}}],"line":278},"73":{"loc":{"start":{"line":278,"column":22},"end":{"line":278,"column":null}},"type":"cond-expr","locations":[{"start":{"line":278,"column":31},"end":{"line":278,"column":36}},{"start":{"line":278,"column":36},"end":{"line":278,"column":null}}],"line":278}},"s":{"0":2,"1":2,"2":2,"3":2,"4":2,"5":2,"6":2,"7":63,"8":4,"9":4,"10":18,"11":17,"12":16,"13":14,"14":14,"15":0,"16":0,"17":0,"18":0,"19":0,"20":0,"21":0,"22":18,"23":14,"24":14,"25":11,"26":3,"27":14,"28":14,"29":1,"30":2,"31":2,"32":3,"33":0,"34":3,"35":3,"36":3,"37":4,"38":4,"39":4,"40":18,"41":18,"42":0,"43":4,"44":4,"45":4,"46":2,"47":2,"48":0,"49":4,"50":18,"51":18,"52":1,"53":3,"54":3,"55":0,"56":4,"57":0,"58":4,"59":20,"60":20,"61":20,"62":1,"63":19,"64":1,"65":18,"66":3,"67":15,"68":12,"69":3,"70":1,"71":2,"72":2,"73":0,"74":17,"75":65,"76":17,"77":10,"78":7,"79":3,"80":4,"81":3,"82":1,"83":1,"84":1,"85":0,"86":0,"87":0,"88":4,"89":4,"90":2,"91":2,"92":0,"93":2,"94":16,"95":16,"96":2,"97":14,"98":12,"99":2,"100":2,"101":0,"102":0,"103":0,"104":17,"105":0,"106":17,"107":17,"108":17,"109":16,"110":1,"111":15,"112":1,"113":14,"114":17,"115":4,"116":13,"117":17,"118":2,"119":11,"120":17,"121":1,"122":10,"123":26,"124":25,"125":1,"126":1,"127":13,"128":13,"129":13,"130":13,"131":13,"132":13},"f":{"0":63,"1":4,"2":18,"3":17,"4":16,"5":14,"6":14,"7":0,"8":0,"9":0,"10":0,"11":18,"12":20,"13":17,"14":65,"15":4,"16":16,"17":17,"18":16,"19":17,"20":26,"21":13,"22":13},"b":{"0":[17,16],"1":[16,14,14],"2":[0,0],"3":[0,0],"4":[14,4],"5":[18,7],"6":[11,3],"7":[14,11],"8":[9,2],"9":[1,1],"10":[0,3],"11":[1,2],"12":[2,0],"13":[0,3],"14":[3,0],"15":[4,4],"16":[0,4],"17":[0,4],"18":[0,4],"19":[0,4],"20":[1,3],"21
[...]
},"26":{"loc":{"start":{"line":188,"column":2},"end":{"line":191,"column":null}},"type":"if","locations":[{"start":{"line":188,"column":2},"end":{"line":191,"column":null}},{"start":{},"end":{}}],"line":188},"27":{"loc":{"start":{"line":197,"column":4},"end":{"line":197,"column":null}},"type":"if","locations":[{"start":{"line":197,"column":4},"end":{"line":197,"column":null}},{"start":{},"end":{}}],"line":197},"28":{"loc":{"start":{"line":201,"column":2},"end":{"line":201,"column":null}},"type":"if","locations":[{"start":{"line":201,"column":2},"end":{"line":201,"column":null}},{"start":{},"end":{}}],"line":201},"29":{"loc":{"start":{"line":201,"column":6},"end":{"line":201,"column":33}},"type":"binary-expr","locations":[{"start":{"line":201,"column":6},"end":{"line":201,"column":15}},{"start":{"line":201,"column":15},"end":{"line":201,"column":33}}],"line":201},"30":{"loc":{"start":{"line":227,"column":2},"end":{"line":227,"column":null}},"type":"if","locations":[{"start":{"line":227,"column":2},"end":{"line":227,"column":null}},{"start":{},"end":{}}],"line":227}},"s":{"0":10,"1":3,"2":3,"3":1,"4":1,"5":4,"6":4,"7":5,"8":4,"9":8,"10":4,"11":4,"12":1,"13":3,"14":4,"15":4,"16":4,"17":4,"18":2,"19":2,"20":2,"21":2,"22":2,"23":2,"24":4,"25":1,"26":3,"27":3,"28":4,"29":4,"30":1,"31":1,"32":1,"33":2,"34":2,"35":2,"36":2,"37":2,"38":1,"39":2,"40":0,"41":2,"42":0,"43":2,"44":0,"45":2,"46":0,"47":2,"48":0,"49":2,"50":0,"51":2,"52":0,"53":2,"54":1,"55":1,"56":1,"57":1,"58":1,"59":1,"60":1,"61":1,"62":1,"63":2,"64":2,"65":1,"66":1,"67":2,"68":2,"69":0,"70":0,"71":0,"72":2,"73":1,"74":2,"75":2,"76":1,"77":1,"78":1,"79":1,"80":2,"81":1,"82":0,"83":1,"84":1,"85":0},"f":{"0":10,"1":3,"2":1,"3":4,"4":5,"5":8,"6":4,"7":4,"8":2,"9":1,"10":1,"11":2,"12":0},"b":{"0":[1,9],"1":[10,1],"2":[1,3],"3":[4,4],"4":[2,2],"5":[2,0],"6":[2,0],"7":[1,3],"8":[3,3],"9":[4,3],"10":[3,3],"11":[4,3],"12":[1,0],"13":[1,1],"14":[0,2],"15":[0,2],"16":[0,0],"17":[0,2],"18":[0,2],"19":[0,0],"20":[0,2],"21":[0,0],"22":[0,2],"23":[0,0],"24":[0,2],"25":[1,1],"26":[1,1],"27":[0,0],"28":[1,1],"29":[2,1],"30":[0,1]},"meta":{"lastBranch":31,"lastFunction":13,"lastStatement":86,"seen":{"f:42:9:42:16":0,"s:43:2:68:Infinity":0,"b:58:28:58:57:58:57:58:Infinity":0,"b:62:7:62:Infinity:63:6:63:Infinity":1,"f:71:22:71:32":1,"s:72:15:75:Infinity":1,"s:76:2:76:Infinity":2,"f:79:22:79:Infinity":2,"s:83:15:85:Infinity":3,"s:86:2:86:Infinity":4,"f:89:22:89:Infinity":3,"s:93:15:96:Infinity":5,"s:97:16:97:Infinity":6,"f:97:29:97:33":4,"s:97:38:97:42":7,"s:98:2:98:Infinity":8,"f:98:13:98:20":5,"s:98:26:98:40":9,"f:101:22:101:30":6,"s:102:14:102:Infinity":10,"b:103:2:103:Infinity:undefined:undefined:undefined:undefined":2,"s:103:2:103:Infinity":11,"s:103:12:103:Infinity":12,"s:104:2:104:Infinity":13,"f:107:22:107:Infinity":7,"s:112:12:112:Infinity":14,"s:113:18:113:Infinity":15,"b:113:18:113:37:113:37:113:Infinity":3,"s:114:32:114:Infinity":16,"b:115:2:122:Infinity:undefined:undefined:undefined:undefined":4,"s:115:2:122:Infinity":17,"s:116:4:116:Infinity":18,"b:117:4:121:Infinity:undefined:undefined:undefined:undefined":5,"s:117:4:121:Infinity":19,"s:118:22:118:Infinity":20,"s:119:6:119:Infinity":21,"b:120:6:120:Infinity:undefined:undefined:undefined:undefined":6,"s:120:6:120:Infinity":22,"s:120:22:120:Infinity":23,"b:123:2:123:Infinity:undefined:undefined:undefined:undefined":7,"s:123:2:123:Infinity":24,"s:123:12:123:Infinity":25,"s:125:18:125:Infinity":26,"s:126:15:146:Infinity":27,"b:130:13:130:30:130:30:130:Infinity":8,"b:133:6:133:25:133:25:133:Infinity":9,"b:133:57:133:74:133:74:133:78":10,"b:134:9:134:22:134:22:134:Infinity":11,"s:149:2:154:Infinity":28,"s:150:4:150:Infinity":29,"b:152:4:152:Infinity:undefined:undefined:undefined:undefined":12,"s:152:4:152:Infinity":30,"s:152:18:152:Infinity":31,"s:153:4:153:Infinity":32,"s:155:2:155:Infinity":33,"s:156:2:156:Infinity":34,"f:159:22:159:Infinity":8,"s:165:18:165:Infinity":35,"s:166:48:166:Infinity":36,"b:167:2:167:Infinity:undefined:undefined:undefined:undefined":13,"s:167:2:167:Infinity":37,"s:167:32:167:Infinity":38,"b:168:2:168:Infinity:undefined:undefined:undefined:undefined":14,"s:168:2:168:Infinity":39,"s:168:36:168:Infinity":40,"b:169:2:169:Infinity:undefined:undefined:undefined:undefined":15,"s:169:2:169:Infinity":41,"s:169:35:169:Infinity":42,"b:169:50:169:67:169:67:169:Infinity":16,"b:170:2:170:Infinity:undefined:undefined:undefined:undefined":17,"s:170:2:170:Infinity":43,"s:170:35:170:Infinity":44,"b:171:2:171:Infinity:undefined:undefined:undefined:undefined":18,"s:171:2:171:Infinity":45,"s:171:37:171:Infinity":46,"b:171:54:171:73:171:73:171:Infinity":19,"b:172:2:172:Infinity:undefined:undefined:undefined:undefined":20,"s:172:2:172:Infinity":47,"s:172:31:172:Infinity":48,"b:172:42:172:55:172:55:172:Infinity":21,"b:173:2:173:Infinity:undefined:undefined:undefined:undefined":22,"s:173:2:173:Infinity":49,"s:173:37:173:Infinity":50,"b:173:54:173:73:173:73:173:Infinity":23,"b:174:2:174:Infinity:undefined:undefined:undefined:undefined":24,"s:174:2:174:Infinity":51,"s:174:38:174:Infinity":52,"b:175:2:185:Infinity:undefined:undefined:undefined:undefined":25,"s:175:2:185:Infinity":53,"s:176:20:176:Infinity":54,"s:177:4:177:Infinity":55,"s:178:4:178:Infinity":56,"s:179:4:179:Infinity":57,"s:180:4:180:Infinity":58,"s:181:4:181:Infinity":59,"s:182:4:182:Infinity":60,"s:183:4:183:Infinity":61,"s:184:4:184:Infinity":62,"s:187:35:187:Infinity":63,"b:188:2:191:Infinity:undefined:undefined:undefined:undefined":26,"s:188:2:191:Infinity":64,"s:189:4:189:Infinity":65,"s:190:4:190:Infinity":66,"s:194:2:199:Infinity":67,"s:195:4:195:Infinity":68,"b:197:4:197:Infinity:undefined:undefined:undefined:undefined":27,"s:197:4:197:Infinity":69,"s:197:21:197:Infinity":70,"s:198:4:198:Infinity":71,"b:201:2:201:Infinity:undefined:undefined:undefined:undefined":28,"s:201:2:201:Infinity":72,"b:201:6:201:15:201:15:201:33":29,"s:201:33:201:Infinity":73,"s:202:2:202:Infinity":74,"s:203:2:203:Infinity":75,"f:206:22:206:Infinity":9,"s:210:15:210:Infinity":76,"s:212:18:215:Infinity":77,"s:217:2:225:Infinity":78,"f:219:15:219:19":10,"s:220:6:223:Infinity":79,"f:222:35:222:42":11,"s:222:52:222:65":80,"b:227:2:227:Infinity:undefined:undefined:undefined:undefined":30,"s:227:2:227:Infinity":81,"s:227:21:227:Infinity":82,"s:228:2:228:Infinity":83,"s:229:2:229:Infinity":84,"f:232:22:232:Infinity":12,"s:235:2:235:Infinity":85},"fnNames":{}}}
,"/Users/levzubenko/pet/ward/wardrobe-web/lib/server/services/outfits.ts": {"path":"/Users/levzubenko/pet/ward/wardrobe-web/lib/server/services/outfits.ts","statementMap":{"0":{"start":{"line":33,"column":2},"end":{"line":39,"column":null}},"1":{"start":{"line":43,"column":2},"end":{"line":43,"column":null}},"2":{"start":{"line":47,"column":18},"end":{"line":47,"column":null}},"3":{"start":{"line":48,"column":2},"end":{"line":50,"column":null}},"4":{"start":{"line":49,"column":4},"end":{"line":49,"column":null}},"5":{"start":{"line":57,"column":2},"end":{"line":57,"column":null}},"6":{"start":{"line":57,"column":17},"end":{"line":57,"column":null}},"7":{"start":{"line":58,"column":16},"end":{"line":60,"column":null}},"8":{"start":{"line":61,"column":2},"end":{"line":61,"column":null}},"9":{"start":{"line":61,"column":14},"end":{"line":61,"column":null}},"10":{"start":{"line":65,"column":15},"end":{"line":68,"column":null}},"11":{"start":{"line":69,"column":2},"end":{"line":69,"column":null}},"12":{"start":{"line":76,"column":14},"end":{"line":76,"column":null}},"13":{"start":{"line":77,"column":2},"end":{"line":77,"column":null}},"14":{"start":{"line":77,"column":12},"end":{"line":77,"column":null}},"15":{"start":{"line":78,"column":17},"end":{"line":78,"column":null}},"16":{"start":{"line":79,"column":16},"end":{"line":79,"column":null}},"17":{"start":{"line":80,"column":2},"end":{"line":80,"column":null}},"18":{"start":{"line":87,"column":18},"end":{"line":87,"column":null}},"19":{"start":{"line":88,"column":2},"end":{"line":88,"column":null}},"20":{"start":{"line":89,"column":19},"end":{"line":89,"column":null}},"21":{"start":{"line":90,"column":2},"end":{"line":90,"column":null}},"22":{"start":{"line":91,"column":14},"end":{"line":93,"column":null}},"23":{"start":{"line":94,"column":2},"end":{"line":94,"column":null}},"24":{"start":{"line":102,"column":19},"end":{"line":102,"column":null}},"25":{"start":{"line":103,"column":2},"end":{"line":103,"column":null}},"26":{"start":{"line":103,"column":17},"end":{"line":103,"column":null}},"27":{"start":{"line":105,"column":4},"end":{"line":105,"column":null}},"28":{"start":{"line":106,"column":2},"end":{"line":106,"column":null}},"29":{"start":{"line":106,"column":32},"end":{"line":106,"column":null}},"30":{"start":{"line":107,"column":2},"end":{"line":111,"column":null}},"31":{"start":{"line":108,"column":20},"end":{"line":108,"column":null}},"32":{"start":{"line":109,"column":4},"end":{"line":109,"column":null}},"33":{"start":{"line":110,"column":4},"end":{"line":110,"column":null}},"34":{"start":{"line":112,"column":2},"end":{"line":115,"column":null}},"35":{"start":{"line":113,"column":4},"end":{"line":113,"column":null}},"36":{"start":{"line":114,"column":4},"end":{"line":114,"column":null}},"37":{"start":{"line":116,"column":14},"end":{"line":116,"column":null}},"38":{"start":{"line":117,"column":2},"end":{"line":117,"column":null}},"39":{"start":{"line":124,"column":19},"end":{"line":124,"column":null}},"40":{"start":{"line":125,"column":2},"end":{"line":125,"column":null}},"41":{"start":{"line":125,"column":17},"end":{"line":125,"column":null}},"42":{"start":{"line":126,"column":2},"end":{"line":126,"column":null}},"43":{"start":{"line":127,"column":2},"end":{"line":127,"column":null}}},"fnMap":{"0":{"name":"toOutfit","decl":{"start":{"line":32,"column":9},"end":{"line":32,"column":18}},"loc":{"start":{"line":32,"column":41},"end":{"line":40,"column":null}},"line":32},"1":{"name":"dedupe","decl":{"start":{"line":42,"column":9},"end":{"line":42,"column":16}},"loc":{"start":{"line":42,"column":41},"end":{"line":44,"column":null}},"line":42},"2":{"name":"assertItemsExist","decl":{"start":{"line":46,"column":15},"end":{"line":46,"column":32}},"loc":{"start":{"line":46,"column":78},"end":{"line":51,"column":null}},"line":46},"3":{"name":"assertFolderExists","decl":{"start":{"line":53,"column":15},"end":{"line":53,"column":null}},"loc":{"start":{"line":56,"column":17},"end":{"line":62,"column":null}},"line":56},"4":{"name":"listOutfits","decl":{"start":{"line":64,"column":22},"end":{"line":64,"column":34}},"loc":{"start":{"line":64,"column":69},"end":{"line":70,"column":null}},"line":64},"5":{"name":"getOutfit","decl":{"start":{"line":72,"column":22},"end":{"line":72,"column":null}},"loc":{"start":{"line":75,"column":28},"end":{"line":81,"column":null}},"line":75},"6":{"name":"createOutfit","decl":{"start":{"line":83,"column":22},"end":{"line":83,"column":null}},"loc":{"start":{"line":86,"column":19},"end":{"line":95,"column":null}},"line":86},"7":{"name":"updateOutfit","decl":{"start":{"line":97,"column":22},"end":{"line":97,"column":null}},"loc":{"start":{"line":101,"column":19},"end":{"line":118,"column":null}},"line":101},"8":{"name":"removeOutfit","decl":{"start":{"line":120,"column":22},"end":{"line":120,"column":null}},"loc":{"start":{"line":123,"column":42},"end":{"line":128,"column":null}},"line":123}},"branchMap":{"0":{"loc":{"start":{"line":48,"column":2},"end":{"line":50,"column":null}},"type":"if","locations":[{"start":{"line":48,"column":2},"end":{"line":50,"column":null}},{"start":{},"end":{}}],"line":48},"1":{"loc":{"start":{"line":57,"column":2},"end":{"line":57,"column":null}},"type":"if","locations":[{"start":{"line":57,"column":2},"end":{"line":57,"column":null}},{"start":{},"end":{}}],"line":57},"2":{"loc":{"start":{"line":61,"column":2},"end":{"line":61,"column":null}},"type":"if","locations":[{"start":{"line":61,"column":2},"end":{"line":61,"column":null}},{"start":{},"end":{}}],"line":61},"3":{"loc":{"start":{"line":77,"column":2},"end":{"line":77,"column":null}},"type":"if","locations":[{"start":{"line":77,"column":2},"end":{"line":77,"column":null}},{"start":{},"end":{}}],"line":77},"4":{"loc":{"start":{"line":89,"column":19},"end":{"line":89,"column":null}},"type":"binary-expr","locations":[{"start":{"line":89,"column":19},"end":{"line":89,"column":37}},{"start":{"line":89,"column":37},"end":{"line":89,"column":null}}],"line":89},"5":{"loc":{"start":{"line":103,"column":2},"end":{"line":103,"column":null}},"type":"if","locations":[{"start":{"line":103,"column":2},"end":{"line":103,"column":null}},{"start":{},"end":{}}],"line":103},"6":{"loc":{"start":{"line":106,"column":2},"end":{"line":106,"column":null}},"type":"if","locations":[{"start":{"line":106,"column":2},"end":{"line":106,"column":null}},{"start":{},"end":{}}],"line":106},"7":{"loc":{"start":{"line":107,"column":2},"end":{"line":111,"column":null}},"type":"if","locations":[{"start":{"line":107,"column":2},"end":{"line":111,"column":null}},{"start":{},"end":{}}],"line":107},"8":{"loc":{"start":{"line":112,"column":2},"end":{"line":115,"column":null}},"type":"if","locations":[{"start":{"line":112,"column":2},"end":{"line":115,"column":null}},{"start":{},"end":{}}],"line":112},"9":{"loc":{"start":{"line":125,"column":2},"end":{"line":125,"column":null}},"type":"if","locations":[{"start":{"line":125,"column":2},"end":{"line":125,"column":null}},{"start":{},"end":{}}],"line":125}},"s":{"0":3,"1":3,"2":3,"3":3,"4":1,"5":3,"6":2,"7":1,"8":1,"9":1,"10":0,"11":0,"12":2,"13":2,"14":1,"15":1,"16":1,"17":1,"18":3,"19":3,"20":2,"21":3,"22":1,"23":1,"24":2,"25":2,"26":1,"27":1,"28":1,"29":0,"30":1,"31":0,"32":0,"33":0,"34":1,"35":1,"36":1,"37":1,"38":1,"39":2,"40":2,"41":1,"42":1,"43":1},"f":{"0":3,"1":3,"2":3,"3":3,"4":0,"5":2,"6":3,"7":2,"8":2},"b":{"0":[1,2],"1":[2,1],"2":[1,0],"3":[1,1],"4":[2,1],"5":[1,1],"6":[0,1],"7":[0,1],"8":[1,0],"9":[1,1]},"meta":{"lastBranch":10,"lastFunction":9,"lastStatement":44,"seen":{"f:32:9:32:18":0,"s:33:2:39:Infinity":0,"f:42:9:42:16":1,"s:43:2:43:Infinity":1,"f:46:15:46:32":2,"s:47:18:47:Infinity":2,"b:48:2:50:Infinity:undefined:undefined:undefined:undefined":0,"s:48:2:50:Infinity":3,"s:49:4:49:Infinity":4,"f:53:15:53:Infinity":3,"b:57:2:57:Infinity:undefined:undefined:undefined:undefined":1,"s:57:2:57:Infinity":5,"s:57:17:57:Infinity":6,"s:58:16:60:Infinity":7,"b:61:2:61:Infinity:undefined:undefined:undefined:undefined":2,"s:61:2:61:Infinity":8,"s:61:14:61:Infinity":9,"f:64:22:64:34":4,"s:65:15:68:Infinity":10,"s:69:2:69:Infinity":11,"f:72:22:72:Infinity":5,"s:76:14:76:Infinity":12,"b:77:2:77:Infinity:undefined:undefined:undefined:undefined":3,"s:77:2:77:Infinity":13,"s:77:12:77:Infinity":14,"s:78:17:78:Infinity":15,"s:79:16:79:Infinity":16,"s:80:2:80:Infinity":17,"f:83:22:83:Infinity":6,"s:87:18:87:Infinity":18,"s:88:2:88:Infinity":19,"s:89:19:89:Infinity":20,"b:89:19:89:37:89:37:89:Infinity":4,"s:90:2:90:Infinity":21,"s:91:14:93:Infinity":22,"s:94:2:94:Infinity":23,"f:97:22:97:Infinity":7,"s:102:19:102:Infinity":24,"b:103:2:103:Infinity:undefined:undefined:undefined:undefined":5,"s:103:2:103:Infinity":25,"s:103:17:103:Infinity":26,"s:105:4:105:Infinity":27,"b:106:2:106:Infinity:undefined:undefined:undefined:undefined":6,"s:106:2:106:Infinity":28,"s:106:32:106:Infinity":29,"b:107:2:111:Infinity:undefined:undefined:undefined:undefined":7,"s:107:2:111:Infinity":30,"s:108:20:108:Infinity":31,"s:109:4:109:Infinity":32,"s:110:4:110:Infinity":33,"b:112:2:115:Infinity:undefined:undefined:undefined:undefined":8,"s:112:2:115:Infinity":34,"s:113:4:113:Infinity":35,"s:114:4:114:Infinity":36,"s:116:14:116:Infinity":37,"s:117:2:117:Infinity":38,"f:120:22:120:Infinity":8,"s:124:19:124:Infinity":39,"b:125:2:125:Infinity:undefined:undefined:undefined:undefined":9,"s:125:2:125:Infinity":40,"s:125:17:125:Infinity":41,"s:126:2:126:Infinity":42,"s:127:2:127:Infinity":43},"fnNames":{}}}
,"/Users/levzubenko/pet/ward/wardrobe-web/lib/server/services/profile.ts": {"path":"/Users/levzubenko/pet/ward/wardrobe-web/lib/server/services/profile.ts","statementMap":{"0":{"start":{"line":15,"column":2},"end":{"line":15,"column":null}},"1":{"start":{"line":19,"column":15},"end":{"line":28,"column":null}},"2":{"start":{"line":29,"column":2},"end":{"line":33,"column":null}}},"fnMap":{"0":{"name":"getProfile","decl":{"start":{"line":14,"column":16},"end":{"line":14,"column":27}},"loc":{"start":{"line":14,"column":43},"end":{"line":16,"column":null}},"line":14},"1":{"name":"upsertProfile","decl":{"start":{"line":18,"column":16},"end":{"line":18,"column":30}},"loc":{"start":{"line":18,"column":73},"end":{"line":34,"column":null}},"line":18}},"branchMap":{"0":{"loc":{"start":{"line":20,"column":9},"end":{"line":20,"column":null}},"type":"binary-expr","locations":[{"start":{"line":20,"column":9},"end":{"line":20,"column":22}},{"start":{"line":20,"column":22},"end":{"line":20,"column":null}}],"line":20},"1":{"loc":{"start":{"line":21,"column":13},"end":{"line":21,"column":null}},"type":"binary-expr","locations":[{"start":{"line":21,"column":13},"end":{"line":21,"column":30}},{"start":{"line":21,"column":30},"end":{"line":21,"column":null}}],"line":21},"2":{"loc":{"start":{"line":22,"column":14},"end":{"line":22,"column":null}},"type":"binary-expr","locations":[{"start":{"line":22,"column":14},"end":{"line":22,"column":32}},{"start":{"line":22,"column":32},"end":{"line":22,"column":null}}],"line":22},"3":{"loc":{"start":{"line":23,"column":10},"end":{"line":23,"column":null}},"type":"binary-expr","locations":[{"start":{"line":23,"column":10},"end":{"line":23,"column":24}},{"start":{"line":23,"column":24},"end":{"line":23,"column":null}}],"line":23},"4":{"loc":{"start":{"line":24,"column":10},"end":{"line":24,"column":null}},"type":"binary-expr","locations":[{"start":{"line":24,"column":10},"end":{"line":24,"column":24}},{"start":{"line":24,"column":24},"end":{"line":24,"column":null}}],"line":24},"5":{"loc":{"start":{"line":25,"column":10},"end":{"line":25,"column":null}},"type":"binary-expr","locations":[{"start":{"line":25,"column":10},"end":{"line":25,"column":24}},{"start":{"line":25,"column":24},"end":{"line":25,"column":null}}],"line":25},"6":{"loc":{"start":{"line":26,"column":15},"end":{"line":26,"column":null}},"type":"binary-expr","locations":[{"start":{"line":26,"column":15},"end":{"line":26,"column":34}},{"start":{"line":26,"column":34},"end":{"line":26,"column":null}}],"line":26}},"s":{"0":1,"1":1,"2":1},"f":{"0":1,"1":1},"b":{"0":[1,1],"1":[1,1],"2":[1,0],"3":[1,0],"4":[1,1],"5":[1,1],"6":[1,1]},"meta":{"lastBranch":7,"lastFunction":2,"lastStatement":3,"seen":{"f:14:16:14:27":0,"s:15:2:15:Infinity":0,"f:18:16:18:30":1,"s:19:15:28:Infinity":1,"b:20:9:20:22:20:22:20:Infinity":0,"b:21:13:21:30:21:30:21:Infinity":1,"b:22:14:22:32:22:32:22:Infinity":2,"b:23:10:23:24:23:24:23:Infinity":3,"b:24:10:24:24:24:24:24:Infinity":4,"b:25:10:25:24:25:24:25:Infinity":5,"b:26:15:26:34:26:34:26:Infinity":6,"s:29:2:33:Infinity":2},"fnNames":{}}}
,"/Users/levzubenko/pet/ward/wardrobe-web/test/helpers.ts": {"path":"/Users/levzubenko/pet/ward/wardrobe-web/test/helpers.ts","statementMap":{"0":{"start":{"line":13,"column":14},"end":{"line":13,"column":null}},"1":{"start":{"line":16,"column":2},"end":{"line":16,"column":null}},"2":{"start":{"line":17,"column":2},"end":{"line":38,"column":null}}},"fnMap":{"0":{"name":"makeItem","decl":{"start":{"line":15,"column":16},"end":{"line":15,"column":25}},"loc":{"start":{"line":15,"column":62},"end":{"line":39,"column":null}},"line":15}},"branchMap":{"0":{"loc":{"start":{"line":15,"column":25},"end":{"line":15,"column":62}},"type":"default-arg","locations":[{"start":{"line":15,"column":52},"end":{"line":15,"column":62}}],"line":15}},"s":{"0":2,"1":68,"2":68},"f":{"0":68},"b":{"0":[68]},"meta":{"lastBranch":1,"lastFunction":1,"lastStatement":3,"seen":{"s:13:14:13:Infinity":0,"f:15:16:15:25":0,"b:15:52:15:62":0,"s:16:2:16:Infinity":1,"s:17:2:38:Infinity":2},"fnNames":{}}}
}
